2013-02-26 22:30:01,061 [DEBUG] ben.kn.cardgames.games.FourAces - Ca() H5() H6(Da ) H7(H3 ) 
2013-02-26 22:30:01,062 [DEBUG] ben.kn.cardgames.games.FourAces - Ca() H6(Da ) H7(H3 ) 
2013-02-26 22:30:01,062 [DEBUG] ben.kn.cardgames.games.FourAces - Move card to a blank spot.
2013-02-26 22:30:01,063 [DEBUG] ben.kn.cardgames.games.FourAces - Ca() Da() H7(H3 ) 
2013-02-26 22:30:01,063 [DEBUG] ben.kn.cardgames.games.FourAces - Move card to a blank spot.
2013-02-26 22:30:01,063 [DEBUG] ben.kn.cardgames.games.FourAces - Moving card from 3 to 1
2013-02-26 22:30:01,064 [DEBUG] ben.kn.cardgames.games.FourAces - Ca() H7() Da() 
2013-02-26 22:30:01,064 [DEBUG] ben.kn.cardgames.games.FourAces - Move card to a blank spot.
2013-02-26 22:30:01,064 [DEBUG] ben.kn.cardgames.games.FourAces - Draw: H8 H9 H10 Hj
2013-02-26 22:30:01,065 [DEBUG] ben.kn.cardgames.games.FourAces - H8(Ca ) H9(H7 ) H10(Da ) Hj() 
2013-02-26 22:30:01,065 [DEBUG] ben.kn.cardgames.games.FourAces - Ca() H9(H7 ) H10(Da ) Hj() 
2013-02-26 22:30:01,066 [DEBUG] ben.kn.cardgames.games.FourAces - Ca() H7() H10(Da ) Hj() 
2013-02-26 22:30:01,067 [DEBUG] ben.kn.cardgames.games.FourAces - Ca() H10(Da ) Hj() 
2013-02-26 22:30:01,067 [DEBUG] ben.kn.cardgames.games.FourAces - Move card to a blank spot.
2013-02-26 22:30:01,067 [DEBUG] ben.kn.cardgames.games.FourAces - Moving card from 2 to 1
2013-02-26 22:30:01,068 [DEBUG] ben.kn.cardgames.games.FourAces - Ca() Da() Hj() 
2013-02-26 22:30:01,068 [DEBUG] ben.kn.cardgames.games.FourAces - Move card to a blank spot.
2013-02-26 22:30:01,068 [DEBUG] ben.kn.cardgames.games.FourAces - Draw: Hq Hk Ha S2
2013-02-26 22:30:01,069 [DEBUG] ben.kn.cardgames.games.FourAces - Hq(Ca ) Hk() Ha(Da ) S2(Hj ) 
2013-02-26 22:30:01,070 [DEBUG] ben.kn.cardgames.games.FourAces - Ca() Hk() Ha(Da ) S2(Hj ) 
2013-02-26 22:30:01,070 [DEBUG] ben.kn.cardgames.games.FourAces - Ca() Ha(Da ) S2(Hj ) 
2013-02-26 22:30:01,071 [DEBUG] ben.kn.cardgames.games.FourAces - Move card to a blank spot.
2013-02-26 22:30:01,071 [DEBUG] ben.kn.cardgames.games.FourAces - Draw: S3 S4 S5 S6
2013-02-26 22:30:01,072 [DEBUG] ben.kn.cardgames.games.FourAces - S3(Ca ) S4() S5(Ha Da ) S6(S2 Hj ) 
2013-02-26 22:30:01,072 [DEBUG] ben.kn.cardgames.games.FourAces - Ca() S4() S5(Ha Da ) S6(S2 Hj ) 
2013-02-26 22:30:01,073 [DEBUG] ben.kn.cardgames.games.FourAces - Ca() S5(Ha Da ) S6(S2 Hj ) 
2013-02-26 22:30:01,074 [DEBUG] ben.kn.cardgames.games.FourAces - Move card to a blank spot.
2013-02-26 22:30:01,075 [DEBUG] ben.kn.cardgames.games.FourAces - Ca() Ha(Da ) S6(S2 Hj ) 
2013-02-26 22:30:01,075 [DEBUG] ben.kn.cardgames.games.FourAces - Move card to a blank spot.
2013-02-26 22:30:01,075 [DEBUG] ben.kn.cardgames.games.FourAces - Draw: S7 S8 S9 S10
2013-02-26 22:30:01,076 [DEBUG] ben.kn.cardgames.games.FourAces - S7(Ca ) S8() S9(Ha Da ) S10(S6 S2 Hj ) 
2013-02-26 22:30:01,077 [DEBUG] ben.kn.cardgames.games.FourAces - Ca() S8() S9(Ha Da ) S10(S6 S2 Hj ) 
2013-02-26 22:30:01,077 [DEBUG] ben.kn.cardgames.games.FourAces - Ca() S9(Ha Da ) S10(S6 S2 Hj ) 
2013-02-26 22:30:01,077 [DEBUG] ben.kn.cardgames.games.FourAces - Move card to a blank spot.
2013-02-26 22:30:01,078 [DEBUG] ben.kn.cardgames.games.FourAces - Ca() Ha(Da ) S10(S6 S2 Hj ) 
2013-02-26 22:30:01,078 [DEBUG] ben.kn.cardgames.games.FourAces - Move card to a blank spot.
2013-02-26 22:30:01,078 [DEBUG] ben.kn.cardgames.games.FourAces - Draw: Sj Sq Sk Sa
2013-02-26 22:30:01,079 [DEBUG] ben.kn.cardgames.games.FourAces - Sj(Ca ) Sq() Sk(Ha Da ) Sa(S10 S6 S2 Hj ) 
2013-02-26 22:30:01,080 [DEBUG] ben.kn.cardgames.games.FourAces - Ca() Sq() Sk(Ha Da ) Sa(S10 S6 S2 Hj ) 
2013-02-26 22:30:01,080 [DEBUG] ben.kn.cardgames.games.FourAces - Ca() Sk(Ha Da ) Sa(S10 S6 S2 Hj ) 
2013-02-26 22:30:01,081 [DEBUG] ben.kn.cardgames.games.FourAces - Move card to a blank spot.
2013-02-26 22:30:01,081 [DEBUG] ben.kn.cardgames.games.FourAces - Ca() Ha(Da ) Sa(S10 S6 S2 Hj ) 
2013-02-26 22:30:01,081 [DEBUG] ben.kn.cardgames.games.FourAces - Move card to a blank spot.
2013-02-27 17:05:24,386 [DEBUG] ben.kn.cardgames.games.FourAces - Draw: C2 C3 C4 C5
2013-02-27 17:05:24,391 [DEBUG] ben.kn.cardgames.games.FourAces - C2() C3() C4() C5() 
2013-02-27 17:05:24,392 [DEBUG] ben.kn.cardgames.games.FourAces - C3() C4() C5() 
2013-02-27 17:05:24,392 [DEBUG] ben.kn.cardgames.games.FourAces - Move card to a blank spot.
2013-02-27 17:05:24,393 [DEBUG] ben.kn.cardgames.games.FourAces - C4() C5() 
2013-02-27 17:05:24,393 [DEBUG] ben.kn.cardgames.games.FourAces - Move card to a blank spot.
2013-02-27 17:05:24,394 [DEBUG] ben.kn.cardgames.games.FourAces - C5() 
2013-02-27 17:05:24,394 [DEBUG] ben.kn.cardgames.games.FourAces - Move card to a blank spot.
2013-02-27 17:05:24,394 [DEBUG] ben.kn.cardgames.games.FourAces - Draw: C6 C7 C8 C9
2013-02-27 17:05:24,395 [DEBUG] ben.kn.cardgames.games.FourAces - C6() C7() C8() C9(C5 ) 
2013-02-27 17:05:24,395 [DEBUG] ben.kn.cardgames.games.FourAces - C7() C8() C9(C5 ) 
2013-02-27 17:05:24,395 [DEBUG] ben.kn.cardgames.games.FourAces - Move card to a blank spot.
2013-02-27 17:05:24,395 [DEBUG] ben.kn.cardgames.games.FourAces - Moving card from 3 to 0
2013-02-27 17:05:24,396 [DEBUG] ben.kn.cardgames.games.FourAces - C9() C7() C8() C5() 
2013-02-27 17:05:24,397 [DEBUG] ben.kn.cardgames.games.FourAces - C9() C8() C5() 
2013-02-27 17:05:24,397 [DEBUG] ben.kn.cardgames.games.FourAces - Move card to a blank spot.
2013-02-27 17:05:24,397 [DEBUG] ben.kn.cardgames.games.FourAces - C9() C5() 
2013-02-27 17:05:24,397 [DEBUG] ben.kn.cardgames.games.FourAces - Move card to a blank spot.
2013-02-27 17:05:24,397 [DEBUG] ben.kn.cardgames.games.FourAces - C9() 
2013-02-27 17:05:24,397 [DEBUG] ben.kn.cardgames.games.FourAces - Move card to a blank spot.
2013-02-27 17:05:24,398 [DEBUG] ben.kn.cardgames.games.FourAces - Draw: C10 Cj Cq Ck
2013-02-27 17:05:24,398 [DEBUG] ben.kn.cardgames.games.FourAces - C10(C9 ) Cj() Cq() Ck() 
2013-02-27 17:05:24,399 [DEBUG] ben.kn.cardgames.games.FourAces - C9() Cj() Cq() Ck() 
2013-02-27 17:05:24,399 [DEBUG] ben.kn.cardgames.games.FourAces - Cj() Cq() Ck() 
2013-02-27 17:05:24,399 [DEBUG] ben.kn.cardgames.games.FourAces - Move card to a blank spot.
2013-02-27 17:05:24,399 [DEBUG] ben.kn.cardgames.games.FourAces - Cq() Ck() 
2013-02-27 17:05:24,399 [DEBUG] ben.kn.cardgames.games.FourAces - Move card to a blank spot.
2013-02-27 17:05:24,400 [DEBUG] ben.kn.cardgames.games.FourAces - Ck() 
2013-02-27 17:05:24,400 [DEBUG] ben.kn.cardgames.games.FourAces - Move card to a blank spot.
2013-02-27 17:05:24,400 [DEBUG] ben.kn.cardgames.games.FourAces - Draw: Ca D2 D3 D4
2013-02-27 17:05:24,400 [DEBUG] ben.kn.cardgames.games.FourAces - Ca() D2() D3() D4(Ck ) 
2013-02-27 17:05:24,401 [DEBUG] ben.kn.cardgames.games.FourAces - Ca() D3() D4(Ck ) 
2013-02-27 17:05:24,401 [DEBUG] ben.kn.cardgames.games.FourAces - Move card to a blank spot.
2013-02-27 17:05:24,401 [DEBUG] ben.kn.cardgames.games.FourAces - Moving card from 3 to 1
2013-02-27 17:05:24,402 [DEBUG] ben.kn.cardgames.games.FourAces - Ca() D4() D3() Ck() 
2013-02-27 17:05:24,402 [DEBUG] ben.kn.cardgames.games.FourAces - Ca() D4() D3() 
2013-02-27 17:05:24,402 [DEBUG] ben.kn.cardgames.games.FourAces - Move card to a blank spot.
2013-02-27 17:05:24,403 [DEBUG] ben.kn.cardgames.games.FourAces - Ca() D4() 
2013-02-27 17:05:24,403 [DEBUG] ben.kn.cardgames.games.FourAces - Move card to a blank spot.
2013-02-27 17:05:24,403 [DEBUG] ben.kn.cardgames.games.FourAces - Draw: D5 D6 D7 D8
2013-02-27 17:05:24,403 [DEBUG] ben.kn.cardgames.games.FourAces - D5(Ca ) D6(D4 ) D7() D8() 
2013-02-27 17:05:24,404 [DEBUG] ben.kn.cardgames.games.FourAces - Ca() D6(D4 ) D7() D8() 
2013-02-27 17:05:24,404 [DEBUG] ben.kn.cardgames.games.FourAces - Ca() D4() D7() D8() 
2013-02-27 17:05:24,405 [DEBUG] ben.kn.cardgames.games.FourAces - Ca() D7() D8() 
2013-02-27 17:05:24,405 [DEBUG] ben.kn.cardgames.games.FourAces - Move card to a blank spot.
2013-02-27 17:05:24,405 [DEBUG] ben.kn.cardgames.games.FourAces - Ca() D8() 
2013-02-27 17:05:24,406 [DEBUG] ben.kn.cardgames.games.FourAces - Move card to a blank spot.
2013-02-27 17:05:24,406 [DEBUG] ben.kn.cardgames.games.FourAces - Draw: D9 D10 Dj Dq
2013-02-27 17:05:24,407 [DEBUG] ben.kn.cardgames.games.FourAces - D9(Ca ) D10() Dj() Dq(D8 ) 
2013-02-27 17:05:24,407 [DEBUG] ben.kn.cardgames.games.FourAces - Ca() D10() Dj() Dq(D8 ) 
2013-02-27 17:05:24,408 [DEBUG] ben.kn.cardgames.games.FourAces - Ca() Dj() Dq(D8 ) 
2013-02-27 17:05:24,408 [DEBUG] ben.kn.cardgames.games.FourAces - Move card to a blank spot.
2013-02-27 17:05:24,408 [DEBUG] ben.kn.cardgames.games.FourAces - Moving card from 3 to 1
2013-02-27 17:05:24,409 [DEBUG] ben.kn.cardgames.games.FourAces - Ca() Dq() Dj() D8() 
2013-02-27 17:05:24,409 [DEBUG] ben.kn.cardgames.games.FourAces - Ca() Dq() D8() 
2013-02-27 17:05:24,409 [DEBUG] ben.kn.cardgames.games.FourAces - Move card to a blank spot.
2013-02-27 17:05:24,410 [DEBUG] ben.kn.cardgames.games.FourAces - Ca() Dq() 
2013-02-27 17:05:24,410 [DEBUG] ben.kn.cardgames.games.FourAces - Move card to a blank spot.
2013-02-27 17:05:24,410 [DEBUG] ben.kn.cardgames.games.FourAces - Draw: Dk Da H2 H3
2013-02-27 17:05:24,411 [DEBUG] ben.kn.cardgames.games.FourAces - Dk(Ca ) Da(Dq ) H2() H3() 
2013-02-27 17:05:24,412 [DEBUG] ben.kn.cardgames.games.FourAces - Ca() Da(Dq ) H2() H3() 
2013-02-27 17:05:24,412 [DEBUG] ben.kn.cardgames.games.FourAces - Ca() Da(Dq ) H3() 
2013-02-27 17:05:24,412 [DEBUG] ben.kn.cardgames.games.FourAces - Move card to a blank spot.
2013-02-27 17:05:24,413 [DEBUG] ben.kn.cardgames.games.FourAces - Moving card from 1 to 2
2013-02-27 17:05:24,413 [DEBUG] ben.kn.cardgames.games.FourAces - Ca() Dq() Da() H3() 
2013-02-27 17:05:24,414 [DEBUG] ben.kn.cardgames.games.FourAces - Ca() Da() H3() 
2013-02-27 17:05:24,414 [DEBUG] ben.kn.cardgames.games.FourAces - Move card to a blank spot.
2013-02-27 17:05:24,414 [DEBUG] ben.kn.cardgames.games.FourAces - Draw: H4 H5 H6 H7
2013-02-27 17:05:24,415 [DEBUG] ben.kn.cardgames.games.FourAces - H4(Ca ) H5() H6(Da ) H7(H3 ) 
2013-02-27 17:05:24,416 [DEBUG] ben.kn.cardgames.games.FourAces - Ca() H5() H6(Da ) H7(H3 ) 
2013-02-27 17:05:24,416 [DEBUG] ben.kn.cardgames.games.FourAces - Ca() H6(Da ) H7(H3 ) 
2013-02-27 17:05:24,417 [DEBUG] ben.kn.cardgames.games.FourAces - Move card to a blank spot.
2013-02-27 17:05:24,417 [DEBUG] ben.kn.cardgames.games.FourAces - Draw: H8 H9 H10 Hj
2013-02-27 17:05:24,418 [DEBUG] ben.kn.cardgames.games.FourAces - H8(Ca ) H9() H10(Da ) Hj(H7 H3 ) 
2013-02-27 17:05:24,418 [DEBUG] ben.kn.cardgames.games.FourAces - Ca() H9() H10(Da ) Hj(H7 H3 ) 
2013-02-27 17:05:24,419 [DEBUG] ben.kn.cardgames.games.FourAces - Ca() H10(Da ) Hj(H7 H3 ) 
2013-02-27 17:05:24,419 [DEBUG] ben.kn.cardgames.games.FourAces - Move card to a blank spot.
2013-02-27 17:05:24,419 [DEBUG] ben.kn.cardgames.games.FourAces - Draw: Hq Hk Ha S2
2013-02-27 17:05:24,420 [DEBUG] ben.kn.cardgames.games.FourAces - Hq(Ca ) Hk() Ha(Da ) S2(Hj H7 H3 ) 
2013-02-27 17:05:24,421 [DEBUG] ben.kn.cardgames.games.FourAces - Ca() Hk() Ha(Da ) S2(Hj H7 H3 ) 
2013-02-27 17:05:24,422 [DEBUG] ben.kn.cardgames.games.FourAces - Ca() Ha(Da ) S2(Hj H7 H3 ) 
2013-02-27 17:05:24,422 [DEBUG] ben.kn.cardgames.games.FourAces - Move card to a blank spot.
2013-02-27 17:05:24,422 [DEBUG] ben.kn.cardgames.games.FourAces - Draw: S3 S4 S5 S6
2013-02-27 17:05:24,423 [DEBUG] ben.kn.cardgames.games.FourAces - S3(Ca ) S4() S5(Da ) S6(Hj H7 H3 ) 
2013-02-27 17:05:24,423 [DEBUG] ben.kn.cardgames.games.FourAces - Ca() S4() S5(Da ) S6(Hj H7 H3 ) 
2013-02-27 17:05:24,424 [DEBUG] ben.kn.cardgames.games.FourAces - Ca() S5(Da ) S6(Hj H7 H3 ) 
2013-02-27 17:05:24,424 [DEBUG] ben.kn.cardgames.games.FourAces - Move card to a blank spot.
2013-02-27 17:05:24,424 [DEBUG] ben.kn.cardgames.games.FourAces - Draw: S7 S8 S9 S10
2013-02-27 17:05:24,425 [DEBUG] ben.kn.cardgames.games.FourAces - S7(Ca ) S8() S9(Da ) S10(Hj H7 H3 ) 
2013-02-27 17:05:24,426 [DEBUG] ben.kn.cardgames.games.FourAces - Ca() S8() S9(Da ) S10(Hj H7 H3 ) 
2013-02-27 17:05:24,426 [DEBUG] ben.kn.cardgames.games.FourAces - Ca() S9(Da ) S10(Hj H7 H3 ) 
2013-02-27 17:05:24,427 [DEBUG] ben.kn.cardgames.games.FourAces - Move card to a blank spot.
2013-02-27 17:05:24,427 [DEBUG] ben.kn.cardgames.games.FourAces - Draw: Sj Sq Sk Sa
2013-02-27 17:05:24,427 [DEBUG] ben.kn.cardgames.games.FourAces - Sj(Ca ) Sq() Sk(Da ) Sa(Hj H7 H3 ) 
2013-02-27 17:05:24,428 [DEBUG] ben.kn.cardgames.games.FourAces - Ca() Sq() Sk(Da ) Sa(Hj H7 H3 ) 
2013-02-27 17:05:24,429 [DEBUG] ben.kn.cardgames.games.FourAces - Ca() Sk(Da ) Sa(Hj H7 H3 ) 
2013-02-27 17:05:24,429 [DEBUG] ben.kn.cardgames.games.FourAces - Move card to a blank spot.
2013-02-27 18:15:44,366 [DEBUG] ben.kn.cardgames.games.FourAces - Draw: C2 C3 C4 C5
2013-02-27 18:15:44,367 [DEBUG] ben.kn.cardgames.games.FourAces - C2() C3() C4() C5() 
2013-02-27 18:15:44,368 [DEBUG] ben.kn.cardgames.games.FourAces - C3() C4() C5() 
2013-02-27 18:15:44,368 [DEBUG] ben.kn.cardgames.games.FourAces - C4() C5() 
2013-02-27 18:15:44,368 [DEBUG] ben.kn.cardgames.games.FourAces - C5() 
2013-02-27 18:15:44,368 [DEBUG] ben.kn.cardgames.games.FourAces - Move card to a blank spot.
2013-02-27 18:15:44,368 [DEBUG] ben.kn.cardgames.games.FourAces - Draw: C6 C7 C8 C9
2013-02-27 18:15:44,369 [DEBUG] ben.kn.cardgames.games.FourAces - C6() C7() C8() C9(C5 ) 
2013-02-27 18:15:44,369 [DEBUG] ben.kn.cardgames.games.FourAces - C7() C8() C9(C5 ) 
2013-02-27 18:15:44,370 [DEBUG] ben.kn.cardgames.games.FourAces - C8() C9(C5 ) 
2013-02-27 18:15:44,370 [DEBUG] ben.kn.cardgames.games.FourAces - C9(C5 ) 
2013-02-27 18:15:44,370 [DEBUG] ben.kn.cardgames.games.FourAces - Move card to a blank spot.
2013-02-27 18:15:44,370 [DEBUG] ben.kn.cardgames.games.FourAces - Moving card from 3 to 0
2013-02-27 18:15:44,370 [DEBUG] ben.kn.cardgames.games.FourAces - C9() C5() 
2013-02-27 18:15:44,370 [DEBUG] ben.kn.cardgames.games.FourAces - C9() 
2013-02-27 18:15:44,371 [DEBUG] ben.kn.cardgames.games.FourAces - Move card to a blank spot.
2013-02-27 18:15:44,371 [DEBUG] ben.kn.cardgames.games.FourAces - Draw: C10 Cj Cq Ck
2013-02-27 18:15:44,371 [DEBUG] ben.kn.cardgames.games.FourAces - C10(C9 ) Cj() Cq() Ck() 
2013-02-27 18:15:44,372 [DEBUG] ben.kn.cardgames.games.FourAces - C9() Cj() Cq() Ck() 
2013-02-27 18:15:44,372 [DEBUG] ben.kn.cardgames.games.FourAces - Cj() Cq() Ck() 
2013-02-27 18:15:44,372 [DEBUG] ben.kn.cardgames.games.FourAces - Cq() Ck() 
2013-02-27 18:15:44,373 [DEBUG] ben.kn.cardgames.games.FourAces - Ck() 
2013-02-27 18:15:44,373 [DEBUG] ben.kn.cardgames.games.FourAces - Move card to a blank spot.
2013-02-27 18:15:44,373 [DEBUG] ben.kn.cardgames.games.FourAces - Draw: Ca D2 D3 D4
2013-02-27 18:15:44,373 [DEBUG] ben.kn.cardgames.games.FourAces - Ca() D2() D3() D4(Ck ) 
2013-02-27 18:15:44,374 [DEBUG] ben.kn.cardgames.games.FourAces - Ca() D3() D4(Ck ) 
2013-02-27 18:15:44,374 [DEBUG] ben.kn.cardgames.games.FourAces - Ca() D4(Ck ) 
2013-02-27 18:15:44,374 [DEBUG] ben.kn.cardgames.games.FourAces - Move card to a blank spot.
2013-02-27 18:15:44,374 [DEBUG] ben.kn.cardgames.games.FourAces - Moving card from 3 to 1
2013-02-27 18:15:44,375 [DEBUG] ben.kn.cardgames.games.FourAces - Ca() D4() Ck() 
2013-02-27 18:15:44,375 [DEBUG] ben.kn.cardgames.games.FourAces - Ca() D4() 
2013-02-27 18:15:44,375 [DEBUG] ben.kn.cardgames.games.FourAces - Move card to a blank spot.
2013-02-27 18:15:44,375 [DEBUG] ben.kn.cardgames.games.FourAces - Draw: D5 D6 D7 D8
2013-02-27 18:15:44,376 [DEBUG] ben.kn.cardgames.games.FourAces - D5(Ca ) D6(D4 ) D7() D8() 
2013-02-27 18:15:44,376 [DEBUG] ben.kn.cardgames.games.FourAces - Ca() D6(D4 ) D7() D8() 
2013-02-27 18:15:44,377 [DEBUG] ben.kn.cardgames.games.FourAces - Ca() D4() D7() D8() 
2013-02-27 18:15:44,377 [DEBUG] ben.kn.cardgames.games.FourAces - Ca() D7() D8() 
2013-02-27 18:15:44,378 [DEBUG] ben.kn.cardgames.games.FourAces - Ca() D8() 
2013-02-27 18:15:44,378 [DEBUG] ben.kn.cardgames.games.FourAces - Move card to a blank spot.
2013-02-27 18:15:44,378 [DEBUG] ben.kn.cardgames.games.FourAces - Draw: D9 D10 Dj Dq
2013-02-27 18:15:44,379 [DEBUG] ben.kn.cardgames.games.FourAces - D9(Ca ) D10() Dj() Dq(D8 ) 
2013-02-27 18:15:44,379 [DEBUG] ben.kn.cardgames.games.FourAces - Ca() D10() Dj() Dq(D8 ) 
2013-02-27 18:15:44,380 [DEBUG] ben.kn.cardgames.games.FourAces - Ca() Dj() Dq(D8 ) 
2013-02-27 18:15:44,380 [DEBUG] ben.kn.cardgames.games.FourAces - Ca() Dq(D8 ) 
2013-02-27 18:15:44,380 [DEBUG] ben.kn.cardgames.games.FourAces - Move card to a blank spot.
2013-02-27 18:15:44,380 [DEBUG] ben.kn.cardgames.games.FourAces - Moving card from 3 to 1
2013-02-27 18:15:44,381 [DEBUG] ben.kn.cardgames.games.FourAces - Ca() Dq() D8() 
2013-02-27 18:15:44,381 [DEBUG] ben.kn.cardgames.games.FourAces - Ca() Dq() 
2013-02-27 18:15:44,381 [DEBUG] ben.kn.cardgames.games.FourAces - Move card to a blank spot.
2013-02-27 18:15:44,381 [DEBUG] ben.kn.cardgames.games.FourAces - Draw: Dk Da H2 H3
2013-02-27 18:15:44,382 [DEBUG] ben.kn.cardgames.games.FourAces - Dk(Ca ) Da(Dq ) H2() H3() 
2013-02-27 18:15:44,382 [DEBUG] ben.kn.cardgames.games.FourAces - Ca() Da(Dq ) H2() H3() 
2013-02-27 18:15:44,383 [DEBUG] ben.kn.cardgames.games.FourAces - Ca() Da(Dq ) H3() 
2013-02-27 18:15:44,383 [DEBUG] ben.kn.cardgames.games.FourAces - Move card to a blank spot.
2013-02-27 18:15:44,383 [DEBUG] ben.kn.cardgames.games.FourAces - Moving card from 1 to 2
2013-02-27 18:15:44,383 [DEBUG] ben.kn.cardgames.games.FourAces - Ca() Dq() Da() H3() 
2013-02-27 18:15:44,384 [DEBUG] ben.kn.cardgames.games.FourAces - Ca() Da() H3() 
2013-02-27 18:15:44,384 [DEBUG] ben.kn.cardgames.games.FourAces - Move card to a blank spot.
2013-02-27 18:15:44,384 [DEBUG] ben.kn.cardgames.games.FourAces - Draw: H4 H5 H6 H7
2013-02-27 18:15:44,385 [DEBUG] ben.kn.cardgames.games.FourAces - H4(Ca ) H5() H6(Da ) H7(H3 ) 
2013-02-27 18:15:44,386 [DEBUG] ben.kn.cardgames.games.FourAces - Ca() H5() H6(Da ) H7(H3 ) 
2013-02-27 18:15:44,386 [DEBUG] ben.kn.cardgames.games.FourAces - Ca() H6(Da ) H7(H3 ) 
2013-02-27 18:15:44,387 [DEBUG] ben.kn.cardgames.games.FourAces - Ca() Da() H7(H3 ) 
2013-02-27 18:15:44,387 [DEBUG] ben.kn.cardgames.games.FourAces - Move card to a blank spot.
2013-02-27 18:15:44,387 [DEBUG] ben.kn.cardgames.games.FourAces - Moving card from 3 to 1
2013-02-27 18:15:44,388 [DEBUG] ben.kn.cardgames.games.FourAces - Ca() H7() Da() H3() 
2013-02-27 18:15:44,388 [DEBUG] ben.kn.cardgames.games.FourAces - Ca() H7() Da() 
2013-02-27 18:15:44,389 [DEBUG] ben.kn.cardgames.games.FourAces - Move card to a blank spot.
2013-02-27 18:15:44,389 [DEBUG] ben.kn.cardgames.games.FourAces - Draw: H8 H9 H10 Hj
2013-02-27 18:15:44,389 [DEBUG] ben.kn.cardgames.games.FourAces - H8(Ca ) H9(H7 ) H10(Da ) Hj() 
2013-02-27 18:15:44,390 [DEBUG] ben.kn.cardgames.games.FourAces - Ca() H9(H7 ) H10(Da ) Hj() 
2013-02-27 18:15:44,390 [DEBUG] ben.kn.cardgames.games.FourAces - Ca() H7() H10(Da ) Hj() 
2013-02-27 18:15:44,391 [DEBUG] ben.kn.cardgames.games.FourAces - Ca() H10(Da ) Hj() 
2013-02-27 18:15:44,391 [DEBUG] ben.kn.cardgames.games.FourAces - Ca() Da() Hj() 
2013-02-27 18:15:44,391 [DEBUG] ben.kn.cardgames.games.FourAces - Move card to a blank spot.
2013-02-27 18:15:44,391 [DEBUG] ben.kn.cardgames.games.FourAces - Draw: Hq Hk Ha S2
2013-02-27 18:15:44,392 [DEBUG] ben.kn.cardgames.games.FourAces - Hq(Ca ) Hk() Ha(Da ) S2(Hj ) 
2013-02-27 18:15:44,392 [DEBUG] ben.kn.cardgames.games.FourAces - Ca() Hk() Ha(Da ) S2(Hj ) 
2013-02-27 18:15:44,393 [DEBUG] ben.kn.cardgames.games.FourAces - Ca() Ha(Da ) S2(Hj ) 
2013-02-27 18:15:44,393 [DEBUG] ben.kn.cardgames.games.FourAces - Move card to a blank spot.
2013-02-27 18:15:44,393 [DEBUG] ben.kn.cardgames.games.FourAces - Draw: S3 S4 S5 S6
2013-02-27 18:15:44,394 [DEBUG] ben.kn.cardgames.games.FourAces - S3(Ca ) S4() S5(Da ) S6(Hj ) 
2013-02-27 18:15:44,395 [DEBUG] ben.kn.cardgames.games.FourAces - Ca() S4() S5(Da ) S6(Hj ) 
2013-02-27 18:15:44,395 [DEBUG] ben.kn.cardgames.games.FourAces - Ca() S5(Da ) S6(Hj ) 
2013-02-27 18:15:44,396 [DEBUG] ben.kn.cardgames.games.FourAces - Ca() Da() S6(Hj ) 
2013-02-27 18:15:44,396 [DEBUG] ben.kn.cardgames.games.FourAces - Move card to a blank spot.
2013-02-27 18:15:44,396 [DEBUG] ben.kn.cardgames.games.FourAces - Moving card from 3 to 1
2013-02-27 18:15:44,397 [DEBUG] ben.kn.cardgames.games.FourAces - Ca() S6() Da() Hj() 
2013-02-27 18:15:44,397 [DEBUG] ben.kn.cardgames.games.FourAces - Draw: S7 S8 S9 S10
2013-02-27 18:15:44,398 [DEBUG] ben.kn.cardgames.games.FourAces - S7(Ca ) S8(S6 ) S9(Da ) S10(Hj ) 
2013-02-27 18:15:44,398 [DEBUG] ben.kn.cardgames.games.FourAces - Ca() S8(S6 ) S9(Da ) S10(Hj ) 
2013-02-27 18:15:44,399 [DEBUG] ben.kn.cardgames.games.FourAces - Ca() S6() S9(Da ) S10(Hj ) 
2013-02-27 18:15:44,399 [DEBUG] ben.kn.cardgames.games.FourAces - Ca() S9(Da ) S10(Hj ) 
2013-02-27 18:15:44,400 [DEBUG] ben.kn.cardgames.games.FourAces - Ca() Da() S10(Hj ) 
2013-02-27 18:15:44,400 [DEBUG] ben.kn.cardgames.games.FourAces - Move card to a blank spot.
2013-02-27 18:15:44,400 [DEBUG] ben.kn.cardgames.games.FourAces - Moving card from 3 to 1
2013-02-27 18:15:44,400 [DEBUG] ben.kn.cardgames.games.FourAces - Ca() S10() Da() Hj() 
2013-02-27 18:15:44,400 [DEBUG] ben.kn.cardgames.games.FourAces - Draw: Sj Sq Sk Sa
2013-02-27 18:15:44,401 [DEBUG] ben.kn.cardgames.games.FourAces - Sj(Ca ) Sq(S10 ) Sk(Da ) Sa(Hj ) 
2013-02-27 18:15:44,401 [DEBUG] ben.kn.cardgames.games.FourAces - Ca() Sq(S10 ) Sk(Da ) Sa(Hj ) 
2013-02-27 18:15:44,402 [DEBUG] ben.kn.cardgames.games.FourAces - Ca() S10() Sk(Da ) Sa(Hj ) 
2013-02-27 18:15:44,403 [DEBUG] ben.kn.cardgames.games.FourAces - Ca() Sk(Da ) Sa(Hj ) 
2013-02-27 18:15:44,403 [DEBUG] ben.kn.cardgames.games.FourAces - Ca() Da() Sa(Hj ) 
2013-02-27 18:15:44,403 [DEBUG] ben.kn.cardgames.games.FourAces - Move card to a blank spot.
2013-02-27 18:15:44,404 [DEBUG] ben.kn.cardgames.games.FourAces - Moving card from 3 to 1
2013-02-27 18:15:44,404 [DEBUG] ben.kn.cardgames.games.FourAces - Ca() Sa() Da() Hj() 
2013-02-27 18:15:44,411 [DEBUG] ben.kn.cardgames.games.FourAces - Draw: Hq D5 S4 D9
2013-02-27 18:15:44,412 [DEBUG] ben.kn.cardgames.games.FourAces - Hq() D5() S4() D9() 
2013-02-27 18:15:44,412 [DEBUG] ben.kn.cardgames.games.FourAces - Hq() S4() D9() 
2013-02-27 18:15:44,413 [DEBUG] ben.kn.cardgames.games.FourAces - Move card to a blank spot.
2013-02-27 18:15:44,413 [DEBUG] ben.kn.cardgames.games.FourAces - Draw: Da H2 Hj H10
2013-02-27 18:15:44,413 [DEBUG] ben.kn.cardgames.games.FourAces - Da(Hq ) H2() Hj(S4 ) H10(D9 ) 
2013-02-27 18:15:44,414 [DEBUG] ben.kn.cardgames.games.FourAces - Da(Hq ) Hj(S4 ) H10(D9 ) 
2013-02-27 18:15:44,414 [DEBUG] ben.kn.cardgames.games.FourAces - Da(Hq ) Hj(S4 ) D9() 
2013-02-27 18:15:44,415 [DEBUG] ben.kn.cardgames.games.FourAces - Da(Hq ) Hj(S4 ) 
2013-02-27 18:15:44,415 [DEBUG] ben.kn.cardgames.games.FourAces - Move card to a blank spot.
2013-02-27 18:15:44,415 [DEBUG] ben.kn.cardgames.games.FourAces - Draw: H3 Cj C2 S3
2013-02-27 18:15:44,416 [DEBUG] ben.kn.cardgames.games.FourAces - H3(Hq ) Cj() C2(S4 ) S3() 
2013-02-27 18:15:44,416 [DEBUG] ben.kn.cardgames.games.FourAces - H3(Hq ) Cj() S4() S3() 
2013-02-27 18:15:44,417 [DEBUG] ben.kn.cardgames.games.FourAces - H3(Hq ) Cj() S4() 
2013-02-27 18:15:44,417 [DEBUG] ben.kn.cardgames.games.FourAces - Move card to a blank spot.
2013-02-27 18:15:44,417 [DEBUG] ben.kn.cardgames.games.FourAces - Moving card from 0 to 3
2013-02-27 18:15:44,417 [DEBUG] ben.kn.cardgames.games.FourAces - Hq() Cj() S4() H3() 
2013-02-27 18:15:44,418 [DEBUG] ben.kn.cardgames.games.FourAces - Hq() Cj() S4() 
2013-02-27 18:15:44,418 [DEBUG] ben.kn.cardgames.games.FourAces - Move card to a blank spot.
2013-02-27 18:15:44,418 [DEBUG] ben.kn.cardgames.games.FourAces - Draw: Dk C7 S5 Dj
2013-02-27 18:15:44,418 [DEBUG] ben.kn.cardgames.games.FourAces - Dk(Hq ) C7(Cj ) S5(S4 ) Dj() 
2013-02-27 18:15:44,419 [DEBUG] ben.kn.cardgames.games.FourAces - Dk(Hq ) C7(Cj ) S5(S4 ) 
2013-02-27 18:15:44,419 [DEBUG] ben.kn.cardgames.games.FourAces - Move card to a blank spot.
2013-02-27 18:15:44,419 [DEBUG] ben.kn.cardgames.games.FourAces - Hq() Cj() S5(S4 ) 
2013-02-27 18:15:44,419 [DEBUG] ben.kn.cardgames.games.FourAces - Move card to a blank spot.
2013-02-27 18:15:44,419 [DEBUG] ben.kn.cardgames.games.FourAces - Moving card from 2 to 3
2013-02-27 18:15:44,420 [DEBUG] ben.kn.cardgames.games.FourAces - Hq() Cj() S4() S5() 
2013-02-27 18:15:44,420 [DEBUG] ben.kn.cardgames.games.FourAces - Hq() Cj() S5() 
2013-02-27 18:15:44,420 [DEBUG] ben.kn.cardgames.games.FourAces - Move card to a blank spot.
2013-02-27 18:15:44,420 [DEBUG] ben.kn.cardgames.games.FourAces - Draw: S7 Cq S10 H9
2013-02-27 18:15:44,421 [DEBUG] ben.kn.cardgames.games.FourAces - S7(Hq ) Cq(Cj ) S10() H9(S5 ) 
2013-02-27 18:15:44,421 [DEBUG] ben.kn.cardgames.games.FourAces - Hq() Cq(Cj ) S10() H9(S5 ) 
2013-02-27 18:15:44,421 [DEBUG] ben.kn.cardgames.games.FourAces - Hq() Cq(Cj ) S10() S5() 
2013-02-27 18:15:44,422 [DEBUG] ben.kn.cardgames.games.FourAces - Hq() Cq(Cj ) S10() 
2013-02-27 18:15:44,422 [DEBUG] ben.kn.cardgames.games.FourAces - Move card to a blank spot.
2013-02-27 18:15:44,422 [DEBUG] ben.kn.cardgames.games.FourAces - Moving card from 1 to 3
2013-02-27 18:15:44,422 [DEBUG] ben.kn.cardgames.games.FourAces - Hq() Cj() S10() Cq() 
2013-02-27 18:15:44,422 [DEBUG] ben.kn.cardgames.games.FourAces - Hq() S10() Cq() 
2013-02-27 18:15:44,422 [DEBUG] ben.kn.cardgames.games.FourAces - Move card to a blank spot.
2013-02-27 18:15:44,422 [DEBUG] ben.kn.cardgames.games.FourAces - Draw: H7 Ca Ck C3
2013-02-27 18:15:44,423 [DEBUG] ben.kn.cardgames.games.FourAces - H7(Hq ) Ca() Ck(S10 ) C3(Cq ) 
2013-02-27 18:15:44,423 [DEBUG] ben.kn.cardgames.games.FourAces - H7(Hq ) Ca() S10() C3(Cq ) 
2013-02-27 18:15:44,424 [DEBUG] ben.kn.cardgames.games.FourAces - H7(Hq ) Ca() S10() Cq() 
2013-02-27 18:15:44,424 [DEBUG] ben.kn.cardgames.games.FourAces - H7(Hq ) Ca() S10() 
2013-02-27 18:15:44,424 [DEBUG] ben.kn.cardgames.games.FourAces - Move card to a blank spot.
2013-02-27 18:15:44,424 [DEBUG] ben.kn.cardgames.games.FourAces - Moving card from 0 to 3
2013-02-27 18:15:44,424 [DEBUG] ben.kn.cardgames.games.FourAces - Hq() Ca() S10() H7() 
2013-02-27 18:15:44,425 [DEBUG] ben.kn.cardgames.games.FourAces - Hq() Ca() S10() 
2013-02-27 18:15:44,425 [DEBUG] ben.kn.cardgames.games.FourAces - Move card to a blank spot.
2013-02-27 18:15:44,425 [DEBUG] ben.kn.cardgames.games.FourAces - Draw: H8 D6 D10 H6
2013-02-27 18:15:44,425 [DEBUG] ben.kn.cardgames.games.FourAces - H8(Hq ) D6(Ca ) D10(S10 ) H6() 
2013-02-27 18:15:44,425 [DEBUG] ben.kn.cardgames.games.FourAces - H8(Hq ) D6(Ca ) D10(S10 ) 
2013-02-27 18:15:44,426 [DEBUG] ben.kn.cardgames.games.FourAces - H8(Hq ) Ca() D10(S10 ) 
2013-02-27 18:15:44,426 [DEBUG] ben.kn.cardgames.games.FourAces - Move card to a blank spot.
2013-02-27 18:15:44,426 [DEBUG] ben.kn.cardgames.games.FourAces - Hq() Ca() D10(S10 ) 
2013-02-27 18:15:44,426 [DEBUG] ben.kn.cardgames.games.FourAces - Move card to a blank spot.
2013-02-27 18:15:44,426 [DEBUG] ben.kn.cardgames.games.FourAces - Moving card from 2 to 3
2013-02-27 18:15:44,427 [DEBUG] ben.kn.cardgames.games.FourAces - Hq() Ca() S10() D10() 
2013-02-27 18:15:44,427 [DEBUG] ben.kn.cardgames.games.FourAces - Draw: C8 Sa S2 C10
2013-02-27 18:15:44,427 [DEBUG] ben.kn.cardgames.games.FourAces - C8(Hq ) Sa(Ca ) S2(S10 ) C10(D10 ) 
2013-02-27 18:15:44,427 [DEBUG] ben.kn.cardgames.games.FourAces - Hq() Sa(Ca ) S2(S10 ) C10(D10 ) 
2013-02-27 18:15:44,428 [DEBUG] ben.kn.cardgames.games.FourAces - Hq() Sa(Ca ) S10() C10(D10 ) 
2013-02-27 18:15:44,428 [DEBUG] ben.kn.cardgames.games.FourAces - Hq() Sa(Ca ) C10(D10 ) 
2013-02-27 18:15:44,428 [DEBUG] ben.kn.cardgames.games.FourAces - Move card to a blank spot.
2013-02-27 18:15:44,428 [DEBUG] ben.kn.cardgames.games.FourAces - Draw: H5 Ha S6 Sq
2013-02-27 18:15:44,429 [DEBUG] ben.kn.cardgames.games.FourAces - H5(Hq ) Ha(Ca ) S6() Sq(D10 ) 
2013-02-27 18:15:44,429 [DEBUG] ben.kn.cardgames.games.FourAces - Hq() Ha(Ca ) S6() Sq(D10 ) 
2013-02-27 18:15:44,430 [DEBUG] ben.kn.cardgames.games.FourAces - Ha(Ca ) S6() Sq(D10 ) 
2013-02-27 18:15:44,430 [DEBUG] ben.kn.cardgames.games.FourAces - Ha(Ca ) Sq(D10 ) 
2013-02-27 18:15:44,430 [DEBUG] ben.kn.cardgames.games.FourAces - Move card to a blank spot.
2013-02-27 18:15:44,430 [DEBUG] ben.kn.cardgames.games.FourAces - Draw: S8 D4 C9 D2
2013-02-27 18:15:44,431 [DEBUG] ben.kn.cardgames.games.FourAces - S8() D4(Ca ) C9() D2(D10 ) 
2013-02-27 18:15:44,431 [DEBUG] ben.kn.cardgames.games.FourAces - S8() D4(Ca ) C9() D10() 
2013-02-27 18:15:44,431 [DEBUG] ben.kn.cardgames.games.FourAces - S8() Ca() C9() D10() 
2013-02-27 18:15:44,432 [DEBUG] ben.kn.cardgames.games.FourAces - S8() Ca() D10() 
2013-02-27 18:15:44,432 [DEBUG] ben.kn.cardgames.games.FourAces - Move card to a blank spot.
2013-02-27 18:15:44,432 [DEBUG] ben.kn.cardgames.games.FourAces - Draw: C4 Sk C5 S9
2013-02-27 18:15:44,432 [DEBUG] ben.kn.cardgames.games.FourAces - C4(S8 ) Sk(Ca ) C5() S9(D10 ) 
2013-02-27 18:15:44,432 [DEBUG] ben.kn.cardgames.games.FourAces - S8() Sk(Ca ) C5() S9(D10 ) 
2013-02-27 18:15:44,433 [DEBUG] ben.kn.cardgames.games.FourAces - Sk(Ca ) C5() S9(D10 ) 
2013-02-27 18:15:44,433 [DEBUG] ben.kn.cardgames.games.FourAces - Sk(Ca ) C5() D10() 
2013-02-27 18:15:44,433 [DEBUG] ben.kn.cardgames.games.FourAces - Move card to a blank spot.
2013-02-27 18:15:44,433 [DEBUG] ben.kn.cardgames.games.FourAces - Moving card from 1 to 0
2013-02-27 18:15:44,434 [DEBUG] ben.kn.cardgames.games.FourAces - Sk() Ca() C5() D10() 
2013-02-27 18:15:44,434 [DEBUG] ben.kn.cardgames.games.FourAces - Sk() Ca() D10() 
2013-02-27 18:15:44,434 [DEBUG] ben.kn.cardgames.games.FourAces - Move card to a blank spot.
2013-02-27 18:15:44,434 [DEBUG] ben.kn.cardgames.games.FourAces - Draw: D3 Hk C6 Dq
2013-02-27 18:15:44,435 [DEBUG] ben.kn.cardgames.games.FourAces - D3(Sk ) Hk(Ca ) C6() Dq(D10 ) 
2013-02-27 18:15:44,435 [DEBUG] ben.kn.cardgames.games.FourAces - Sk() Hk(Ca ) C6() Dq(D10 ) 
2013-02-27 18:15:44,435 [DEBUG] ben.kn.cardgames.games.FourAces - Draw: H4 D8 Sj D7
2013-02-27 18:15:44,436 [DEBUG] ben.kn.cardgames.games.FourAces - H4(Sk ) D8(Hk Ca ) Sj(C6 ) D7(Dq D10 ) 
2013-02-27 18:15:44,436 [DEBUG] ben.kn.cardgames.games.FourAces - H4(Sk ) D8(Hk Ca ) Sj(C6 ) Dq(D10 ) 
2013-02-27 18:15:44,437 [DEBUG] ben.kn.cardgames.games.FourAces - H4(Sk ) Hk(Ca ) Sj(C6 ) Dq(D10 ) 
2013-02-27 18:15:44,438 [DEBUG] ben.kn.cardgames.games.FourAces - Sk() Hk(Ca ) Sj(C6 ) Dq(D10 ) 
2013-02-27 18:15:44,438 [DEBUG] ben.kn.cardgames.games.FourAces - Sk() Hk(Ca ) C6() Dq(D10 ) 
2013-02-27 18:19:23,636 [DEBUG] ben.kn.cardgames.games.FourAces - Draw: C2 C3 C4 C5
2013-02-27 18:19:23,637 [DEBUG] ben.kn.cardgames.games.FourAces - Board: C2() C3() C4() C5() 
2013-02-27 18:19:23,638 [DEBUG] ben.kn.cardgames.games.FourAces - ----------- Popping C2
2013-02-27 18:19:23,638 [DEBUG] ben.kn.cardgames.games.FourAces - Board: C3() C4() C5() 
2013-02-27 18:19:23,638 [DEBUG] ben.kn.cardgames.games.FourAces - ----------- Popping C3
2013-02-27 18:19:23,638 [DEBUG] ben.kn.cardgames.games.FourAces - Board: C4() C5() 
2013-02-27 18:19:23,638 [DEBUG] ben.kn.cardgames.games.FourAces - ----------- Popping C4
2013-02-27 18:19:23,639 [DEBUG] ben.kn.cardgames.games.FourAces - Board: C5() 
2013-02-27 18:19:23,639 [DEBUG] ben.kn.cardgames.games.FourAces - Move card to a blank spot.
2013-02-27 18:19:23,639 [DEBUG] ben.kn.cardgames.games.FourAces - Draw: C6 C7 C8 C9
2013-02-27 18:19:23,639 [DEBUG] ben.kn.cardgames.games.FourAces - Board: C6() C7() C8() C9(C5 ) 
2013-02-27 18:19:23,639 [DEBUG] ben.kn.cardgames.games.FourAces - ----------- Popping C6
2013-02-27 18:19:23,640 [DEBUG] ben.kn.cardgames.games.FourAces - Board: C7() C8() C9(C5 ) 
2013-02-27 18:19:23,640 [DEBUG] ben.kn.cardgames.games.FourAces - ----------- Popping C7
2013-02-27 18:19:23,640 [DEBUG] ben.kn.cardgames.games.FourAces - Board: C8() C9(C5 ) 
2013-02-27 18:19:23,640 [DEBUG] ben.kn.cardgames.games.FourAces - ----------- Popping C8
2013-02-27 18:19:23,641 [DEBUG] ben.kn.cardgames.games.FourAces - Board: C9(C5 ) 
2013-02-27 18:19:23,641 [DEBUG] ben.kn.cardgames.games.FourAces - Move card to a blank spot.
2013-02-27 18:19:23,641 [DEBUG] ben.kn.cardgames.games.FourAces - Moving card from 3 to 0
2013-02-27 18:19:23,641 [DEBUG] ben.kn.cardgames.games.FourAces - Board: C9() C5() 
2013-02-27 18:19:23,641 [DEBUG] ben.kn.cardgames.games.FourAces - ----------- Popping C5
2013-02-27 18:19:23,641 [DEBUG] ben.kn.cardgames.games.FourAces - Board: C9() 
2013-02-27 18:19:23,641 [DEBUG] ben.kn.cardgames.games.FourAces - Move card to a blank spot.
2013-02-27 18:19:23,642 [DEBUG] ben.kn.cardgames.games.FourAces - Draw: C10 Cj Cq Ck
2013-02-27 18:19:23,642 [DEBUG] ben.kn.cardgames.games.FourAces - Board: C10(C9 ) Cj() Cq() Ck() 
2013-02-27 18:19:23,642 [DEBUG] ben.kn.cardgames.games.FourAces - ----------- Popping C10
2013-02-27 18:19:23,643 [DEBUG] ben.kn.cardgames.games.FourAces - Board: C9() Cj() Cq() Ck() 
2013-02-27 18:19:23,643 [DEBUG] ben.kn.cardgames.games.FourAces - ----------- Popping C9
2013-02-27 18:19:23,643 [DEBUG] ben.kn.cardgames.games.FourAces - Board: Cj() Cq() Ck() 
2013-02-27 18:19:23,643 [DEBUG] ben.kn.cardgames.games.FourAces - ----------- Popping Cj
2013-02-27 18:19:23,644 [DEBUG] ben.kn.cardgames.games.FourAces - Board: Cq() Ck() 
2013-02-27 18:19:23,644 [DEBUG] ben.kn.cardgames.games.FourAces - ----------- Popping Cq
2013-02-27 18:19:23,644 [DEBUG] ben.kn.cardgames.games.FourAces - Board: Ck() 
2013-02-27 18:19:23,644 [DEBUG] ben.kn.cardgames.games.FourAces - Move card to a blank spot.
2013-02-27 18:19:23,644 [DEBUG] ben.kn.cardgames.games.FourAces - Draw: Ca D2 D3 D4
2013-02-27 18:19:23,645 [DEBUG] ben.kn.cardgames.games.FourAces - Board: Ca() D2() D3() D4(Ck ) 
2013-02-27 18:19:23,645 [DEBUG] ben.kn.cardgames.games.FourAces - ----------- Popping D2
2013-02-27 18:19:23,645 [DEBUG] ben.kn.cardgames.games.FourAces - Board: Ca() D3() D4(Ck ) 
2013-02-27 18:19:23,645 [DEBUG] ben.kn.cardgames.games.FourAces - ----------- Popping D3
2013-02-27 18:19:23,646 [DEBUG] ben.kn.cardgames.games.FourAces - Board: Ca() D4(Ck ) 
2013-02-27 18:19:23,646 [DEBUG] ben.kn.cardgames.games.FourAces - Move card to a blank spot.
2013-02-27 18:19:23,646 [DEBUG] ben.kn.cardgames.games.FourAces - Moving card from 3 to 1
2013-02-27 18:19:23,646 [DEBUG] ben.kn.cardgames.games.FourAces - Board: Ca() D4() Ck() 
2013-02-27 18:19:23,646 [DEBUG] ben.kn.cardgames.games.FourAces - ----------- Popping Ck
2013-02-27 18:19:23,647 [DEBUG] ben.kn.cardgames.games.FourAces - Board: Ca() D4() 
2013-02-27 18:19:23,647 [DEBUG] ben.kn.cardgames.games.FourAces - Move card to a blank spot.
2013-02-27 18:19:23,647 [DEBUG] ben.kn.cardgames.games.FourAces - Draw: D5 D6 D7 D8
2013-02-27 18:19:23,647 [DEBUG] ben.kn.cardgames.games.FourAces - Board: D5(Ca ) D6(D4 ) D7() D8() 
2013-02-27 18:19:23,648 [DEBUG] ben.kn.cardgames.games.FourAces - ----------- Popping D5
2013-02-27 18:19:23,648 [DEBUG] ben.kn.cardgames.games.FourAces - Board: Ca() D6(D4 ) D7() D8() 
2013-02-27 18:19:23,648 [DEBUG] ben.kn.cardgames.games.FourAces - ----------- Popping D6
2013-02-27 18:19:23,649 [DEBUG] ben.kn.cardgames.games.FourAces - Board: Ca() D4() D7() D8() 
2013-02-27 18:19:23,649 [DEBUG] ben.kn.cardgames.games.FourAces - ----------- Popping D4
2013-02-27 18:19:23,650 [DEBUG] ben.kn.cardgames.games.FourAces - Board: Ca() D7() D8() 
2013-02-27 18:19:23,650 [DEBUG] ben.kn.cardgames.games.FourAces - ----------- Popping D7
2013-02-27 18:19:23,650 [DEBUG] ben.kn.cardgames.games.FourAces - Board: Ca() D8() 
2013-02-27 18:19:23,650 [DEBUG] ben.kn.cardgames.games.FourAces - Move card to a blank spot.
2013-02-27 18:19:23,650 [DEBUG] ben.kn.cardgames.games.FourAces - Draw: D9 D10 Dj Dq
2013-02-27 18:19:23,651 [DEBUG] ben.kn.cardgames.games.FourAces - Board: D9(Ca ) D10() Dj() Dq(D8 ) 
2013-02-27 18:19:23,651 [DEBUG] ben.kn.cardgames.games.FourAces - ----------- Popping D9
2013-02-27 18:19:23,652 [DEBUG] ben.kn.cardgames.games.FourAces - Board: Ca() D10() Dj() Dq(D8 ) 
2013-02-27 18:19:23,652 [DEBUG] ben.kn.cardgames.games.FourAces - ----------- Popping D10
2013-02-27 18:19:23,652 [DEBUG] ben.kn.cardgames.games.FourAces - Board: Ca() Dj() Dq(D8 ) 
2013-02-27 18:19:23,652 [DEBUG] ben.kn.cardgames.games.FourAces - ----------- Popping Dj
2013-02-27 18:19:23,653 [DEBUG] ben.kn.cardgames.games.FourAces - Board: Ca() Dq(D8 ) 
2013-02-27 18:19:23,653 [DEBUG] ben.kn.cardgames.games.FourAces - Move card to a blank spot.
2013-02-27 18:19:23,653 [DEBUG] ben.kn.cardgames.games.FourAces - Moving card from 3 to 1
2013-02-27 18:19:23,653 [DEBUG] ben.kn.cardgames.games.FourAces - Board: Ca() Dq() D8() 
2013-02-27 18:19:23,653 [DEBUG] ben.kn.cardgames.games.FourAces - ----------- Popping D8
2013-02-27 18:19:23,654 [DEBUG] ben.kn.cardgames.games.FourAces - Board: Ca() Dq() 
2013-02-27 18:19:23,654 [DEBUG] ben.kn.cardgames.games.FourAces - Move card to a blank spot.
2013-02-27 18:19:23,654 [DEBUG] ben.kn.cardgames.games.FourAces - Draw: Dk Da H2 H3
2013-02-27 18:19:23,655 [DEBUG] ben.kn.cardgames.games.FourAces - Board: Dk(Ca ) Da(Dq ) H2() H3() 
2013-02-27 18:19:23,655 [DEBUG] ben.kn.cardgames.games.FourAces - ----------- Popping Dk
2013-02-27 18:19:23,655 [DEBUG] ben.kn.cardgames.games.FourAces - Board: Ca() Da(Dq ) H2() H3() 
2013-02-27 18:19:23,655 [DEBUG] ben.kn.cardgames.games.FourAces - ----------- Popping H2
2013-02-27 18:19:23,656 [DEBUG] ben.kn.cardgames.games.FourAces - Board: Ca() Da(Dq ) H3() 
2013-02-27 18:19:23,656 [DEBUG] ben.kn.cardgames.games.FourAces - Move card to a blank spot.
2013-02-27 18:19:23,656 [DEBUG] ben.kn.cardgames.games.FourAces - Moving card from 1 to 2
2013-02-27 18:19:23,656 [DEBUG] ben.kn.cardgames.games.FourAces - Board: Ca() Dq() Da() H3() 
2013-02-27 18:19:23,656 [DEBUG] ben.kn.cardgames.games.FourAces - ----------- Popping Dq
2013-02-27 18:19:23,657 [DEBUG] ben.kn.cardgames.games.FourAces - Board: Ca() Da() H3() 
2013-02-27 18:19:23,657 [DEBUG] ben.kn.cardgames.games.FourAces - Move card to a blank spot.
2013-02-27 18:19:23,657 [DEBUG] ben.kn.cardgames.games.FourAces - Draw: H4 H5 H6 H7
2013-02-27 18:19:23,657 [DEBUG] ben.kn.cardgames.games.FourAces - Board: H4(Ca ) H5() H6(Da ) H7(H3 ) 
2013-02-27 18:19:23,658 [DEBUG] ben.kn.cardgames.games.FourAces - ----------- Popping H4
2013-02-27 18:19:23,658 [DEBUG] ben.kn.cardgames.games.FourAces - Board: Ca() H5() H6(Da ) H7(H3 ) 
2013-02-27 18:19:23,659 [DEBUG] ben.kn.cardgames.games.FourAces - ----------- Popping H5
2013-02-27 18:19:23,659 [DEBUG] ben.kn.cardgames.games.FourAces - Board: Ca() H6(Da ) H7(H3 ) 
2013-02-27 18:19:23,660 [DEBUG] ben.kn.cardgames.games.FourAces - ----------- Popping H6
2013-02-27 18:19:23,661 [DEBUG] ben.kn.cardgames.games.FourAces - Board: Ca() Da() H7(H3 ) 
2013-02-27 18:19:23,661 [DEBUG] ben.kn.cardgames.games.FourAces - Move card to a blank spot.
2013-02-27 18:19:23,661 [DEBUG] ben.kn.cardgames.games.FourAces - Moving card from 3 to 1
2013-02-27 18:19:23,662 [DEBUG] ben.kn.cardgames.games.FourAces - Board: Ca() H7() Da() H3() 
2013-02-27 18:19:23,662 [DEBUG] ben.kn.cardgames.games.FourAces - ----------- Popping H3
2013-02-27 18:19:23,662 [DEBUG] ben.kn.cardgames.games.FourAces - Board: Ca() H7() Da() 
2013-02-27 18:19:23,663 [DEBUG] ben.kn.cardgames.games.FourAces - Move card to a blank spot.
2013-02-27 18:19:23,663 [DEBUG] ben.kn.cardgames.games.FourAces - Draw: H8 H9 H10 Hj
2013-02-27 18:19:23,664 [DEBUG] ben.kn.cardgames.games.FourAces - Board: H8(Ca ) H9(H7 ) H10(Da ) Hj() 
2013-02-27 18:19:23,664 [DEBUG] ben.kn.cardgames.games.FourAces - ----------- Popping H8
2013-02-27 18:19:23,665 [DEBUG] ben.kn.cardgames.games.FourAces - Board: Ca() H9(H7 ) H10(Da ) Hj() 
2013-02-27 18:19:23,665 [DEBUG] ben.kn.cardgames.games.FourAces - ----------- Popping H9
2013-02-27 18:19:23,666 [DEBUG] ben.kn.cardgames.games.FourAces - Board: Ca() H7() H10(Da ) Hj() 
2013-02-27 18:19:23,666 [DEBUG] ben.kn.cardgames.games.FourAces - ----------- Popping H7
2013-02-27 18:19:23,667 [DEBUG] ben.kn.cardgames.games.FourAces - Board: Ca() H10(Da ) Hj() 
2013-02-27 18:19:23,667 [DEBUG] ben.kn.cardgames.games.FourAces - ----------- Popping H10
2013-02-27 18:19:23,667 [DEBUG] ben.kn.cardgames.games.FourAces - Board: Ca() Da() Hj() 
2013-02-27 18:19:23,667 [DEBUG] ben.kn.cardgames.games.FourAces - Move card to a blank spot.
2013-02-27 18:19:23,668 [DEBUG] ben.kn.cardgames.games.FourAces - Draw: Hq Hk Ha S2
2013-02-27 18:19:23,668 [DEBUG] ben.kn.cardgames.games.FourAces - Board: Hq(Ca ) Hk() Ha(Da ) S2(Hj ) 
2013-02-27 18:19:23,669 [DEBUG] ben.kn.cardgames.games.FourAces - ----------- Popping Hq
2013-02-27 18:19:23,669 [DEBUG] ben.kn.cardgames.games.FourAces - Board: Ca() Hk() Ha(Da ) S2(Hj ) 
2013-02-27 18:19:23,669 [DEBUG] ben.kn.cardgames.games.FourAces - ----------- Popping Hk
2013-02-27 18:19:23,670 [DEBUG] ben.kn.cardgames.games.FourAces - Board: Ca() Ha(Da ) S2(Hj ) 
2013-02-27 18:19:23,670 [DEBUG] ben.kn.cardgames.games.FourAces - Move card to a blank spot.
2013-02-27 18:19:23,670 [DEBUG] ben.kn.cardgames.games.FourAces - Draw: S3 S4 S5 S6
2013-02-27 18:19:23,671 [DEBUG] ben.kn.cardgames.games.FourAces - Board: S3(Ca ) S4() S5(Da ) S6(Hj ) 
2013-02-27 18:19:23,671 [DEBUG] ben.kn.cardgames.games.FourAces - ----------- Popping S3
2013-02-27 18:19:23,672 [DEBUG] ben.kn.cardgames.games.FourAces - Board: Ca() S4() S5(Da ) S6(Hj ) 
2013-02-27 18:19:23,672 [DEBUG] ben.kn.cardgames.games.FourAces - ----------- Popping S4
2013-02-27 18:19:23,673 [DEBUG] ben.kn.cardgames.games.FourAces - Board: Ca() S5(Da ) S6(Hj ) 
2013-02-27 18:19:23,673 [DEBUG] ben.kn.cardgames.games.FourAces - ----------- Popping S5
2013-02-27 18:19:23,673 [DEBUG] ben.kn.cardgames.games.FourAces - Board: Ca() Da() S6(Hj ) 
2013-02-27 18:19:23,673 [DEBUG] ben.kn.cardgames.games.FourAces - Move card to a blank spot.
2013-02-27 18:19:23,673 [DEBUG] ben.kn.cardgames.games.FourAces - Moving card from 3 to 1
2013-02-27 18:19:23,674 [DEBUG] ben.kn.cardgames.games.FourAces - Board: Ca() S6() Da() Hj() 
2013-02-27 18:19:23,674 [DEBUG] ben.kn.cardgames.games.FourAces - Draw: S7 S8 S9 S10
2013-02-27 18:19:23,675 [DEBUG] ben.kn.cardgames.games.FourAces - Board: S7(Ca ) S8(S6 ) S9(Da ) S10(Hj ) 
2013-02-27 18:19:23,675 [DEBUG] ben.kn.cardgames.games.FourAces - ----------- Popping S7
2013-02-27 18:19:23,676 [DEBUG] ben.kn.cardgames.games.FourAces - Board: Ca() S8(S6 ) S9(Da ) S10(Hj ) 
2013-02-27 18:19:23,676 [DEBUG] ben.kn.cardgames.games.FourAces - ----------- Popping S8
2013-02-27 18:19:23,676 [DEBUG] ben.kn.cardgames.games.FourAces - Board: Ca() S6() S9(Da ) S10(Hj ) 
2013-02-27 18:19:23,676 [DEBUG] ben.kn.cardgames.games.FourAces - ----------- Popping S6
2013-02-27 18:19:23,677 [DEBUG] ben.kn.cardgames.games.FourAces - Board: Ca() S9(Da ) S10(Hj ) 
2013-02-27 18:19:23,677 [DEBUG] ben.kn.cardgames.games.FourAces - ----------- Popping S9
2013-02-27 18:19:23,677 [DEBUG] ben.kn.cardgames.games.FourAces - Board: Ca() Da() S10(Hj ) 
2013-02-27 18:19:23,677 [DEBUG] ben.kn.cardgames.games.FourAces - Move card to a blank spot.
2013-02-27 18:19:23,677 [DEBUG] ben.kn.cardgames.games.FourAces - Moving card from 3 to 1
2013-02-27 18:19:23,678 [DEBUG] ben.kn.cardgames.games.FourAces - Board: Ca() S10() Da() Hj() 
2013-02-27 18:19:23,678 [DEBUG] ben.kn.cardgames.games.FourAces - Draw: Sj Sq Sk Sa
2013-02-27 18:19:23,678 [DEBUG] ben.kn.cardgames.games.FourAces - Board: Sj(Ca ) Sq(S10 ) Sk(Da ) Sa(Hj ) 
2013-02-27 18:19:23,678 [DEBUG] ben.kn.cardgames.games.FourAces - ----------- Popping Sj
2013-02-27 18:19:23,679 [DEBUG] ben.kn.cardgames.games.FourAces - Board: Ca() Sq(S10 ) Sk(Da ) Sa(Hj ) 
2013-02-27 18:19:23,679 [DEBUG] ben.kn.cardgames.games.FourAces - ----------- Popping Sq
2013-02-27 18:19:23,679 [DEBUG] ben.kn.cardgames.games.FourAces - Board: Ca() S10() Sk(Da ) Sa(Hj ) 
2013-02-27 18:19:23,679 [DEBUG] ben.kn.cardgames.games.FourAces - ----------- Popping S10
2013-02-27 18:19:23,680 [DEBUG] ben.kn.cardgames.games.FourAces - Board: Ca() Sk(Da ) Sa(Hj ) 
2013-02-27 18:19:23,680 [DEBUG] ben.kn.cardgames.games.FourAces - ----------- Popping Sk
2013-02-27 18:19:23,680 [DEBUG] ben.kn.cardgames.games.FourAces - Board: Ca() Da() Sa(Hj ) 
2013-02-27 18:19:23,680 [DEBUG] ben.kn.cardgames.games.FourAces - Move card to a blank spot.
2013-02-27 18:19:23,680 [DEBUG] ben.kn.cardgames.games.FourAces - Moving card from 3 to 1
2013-02-27 18:19:23,681 [DEBUG] ben.kn.cardgames.games.FourAces - Board: Ca() Sa() Da() Hj() 
2013-02-27 18:19:23,687 [DEBUG] ben.kn.cardgames.games.FourAces - Draw: Da Cq H6 H10
2013-02-27 18:19:23,688 [DEBUG] ben.kn.cardgames.games.FourAces - Board: Da() Cq() H6() H10() 
2013-02-27 18:19:23,688 [DEBUG] ben.kn.cardgames.games.FourAces - ----------- Popping H6
2013-02-27 18:19:23,688 [DEBUG] ben.kn.cardgames.games.FourAces - Board: Da() Cq() H10() 
2013-02-27 18:19:23,688 [DEBUG] ben.kn.cardgames.games.FourAces - Move card to a blank spot.
2013-02-27 18:19:23,688 [DEBUG] ben.kn.cardgames.games.FourAces - Draw: Ca Ha S7 S6
2013-02-27 18:19:23,689 [DEBUG] ben.kn.cardgames.games.FourAces - Board: Ca(Da ) Ha(Cq ) S7() S6(H10 ) 
2013-02-27 18:19:23,689 [DEBUG] ben.kn.cardgames.games.FourAces - ----------- Popping S6
2013-02-27 18:19:23,690 [DEBUG] ben.kn.cardgames.games.FourAces - Board: Ca(Da ) Ha(Cq ) S7() H10() 
2013-02-27 18:19:23,690 [DEBUG] ben.kn.cardgames.games.FourAces - ----------- Popping H10
2013-02-27 18:19:23,690 [DEBUG] ben.kn.cardgames.games.FourAces - Board: Ca(Da ) Ha(Cq ) S7() 
2013-02-27 18:19:23,690 [DEBUG] ben.kn.cardgames.games.FourAces - Move card to a blank spot.
2013-02-27 18:19:23,691 [DEBUG] ben.kn.cardgames.games.FourAces - Draw: S3 C6 S5 Ck
2013-02-27 18:19:23,691 [DEBUG] ben.kn.cardgames.games.FourAces - Board: S3(Da ) C6(Cq ) S5(S7 ) Ck() 
2013-02-27 18:19:23,691 [DEBUG] ben.kn.cardgames.games.FourAces - ----------- Popping S3
2013-02-27 18:19:23,692 [DEBUG] ben.kn.cardgames.games.FourAces - Board: Da() C6(Cq ) S5(S7 ) Ck() 
2013-02-27 18:19:23,692 [DEBUG] ben.kn.cardgames.games.FourAces - ----------- Popping C6
2013-02-27 18:19:23,693 [DEBUG] ben.kn.cardgames.games.FourAces - Board: Da() Cq() S5(S7 ) Ck() 
2013-02-27 18:19:23,693 [DEBUG] ben.kn.cardgames.games.FourAces - ----------- Popping Cq
2013-02-27 18:19:23,693 [DEBUG] ben.kn.cardgames.games.FourAces - Board: Da() S5(S7 ) Ck() 
2013-02-27 18:19:23,693 [DEBUG] ben.kn.cardgames.games.FourAces - Move card to a blank spot.
2013-02-27 18:19:23,693 [DEBUG] ben.kn.cardgames.games.FourAces - Moving card from 2 to 1
2013-02-27 18:19:23,694 [DEBUG] ben.kn.cardgames.games.FourAces - Board: Da() S5() S7() Ck() 
2013-02-27 18:19:23,694 [DEBUG] ben.kn.cardgames.games.FourAces - ----------- Popping S5
2013-02-27 18:19:23,694 [DEBUG] ben.kn.cardgames.games.FourAces - Board: Da() S7() Ck() 
2013-02-27 18:19:23,694 [DEBUG] ben.kn.cardgames.games.FourAces - Move card to a blank spot.
2013-02-27 18:19:23,695 [DEBUG] ben.kn.cardgames.games.FourAces - Draw: Dk S8 H7 Cj
2013-02-27 18:19:23,695 [DEBUG] ben.kn.cardgames.games.FourAces - Board: Dk(Da ) S8() H7(S7 ) Cj(Ck ) 
2013-02-27 18:19:23,695 [DEBUG] ben.kn.cardgames.games.FourAces - Draw: C8 Sk H8 Hj
2013-02-27 18:19:23,696 [DEBUG] ben.kn.cardgames.games.FourAces - Board: C8(Dk Da ) Sk(S8 ) H8(H7 S7 ) Hj(Cj Ck ) 
2013-02-27 18:19:23,696 [DEBUG] ben.kn.cardgames.games.FourAces - ----------- Popping H8
2013-02-27 18:19:23,697 [DEBUG] ben.kn.cardgames.games.FourAces - Board: C8(Dk Da ) Sk(S8 ) H7(S7 ) Hj(Cj Ck ) 
2013-02-27 18:19:23,697 [DEBUG] ben.kn.cardgames.games.FourAces - ----------- Popping H7
2013-02-27 18:19:23,697 [DEBUG] ben.kn.cardgames.games.FourAces - Board: C8(Dk Da ) Sk(S8 ) S7() Hj(Cj Ck ) 
2013-02-27 18:19:23,697 [DEBUG] ben.kn.cardgames.games.FourAces - ----------- Popping S7
2013-02-27 18:19:23,697 [DEBUG] ben.kn.cardgames.games.FourAces - Board: C8(Dk Da ) Sk(S8 ) Hj(Cj Ck ) 
2013-02-27 18:19:23,698 [DEBUG] ben.kn.cardgames.games.FourAces - Move card to a blank spot.
2013-02-27 18:19:23,698 [DEBUG] ben.kn.cardgames.games.FourAces - Board: Da() S8() Dk() Cj(Ck ) 
2013-02-27 18:19:23,698 [DEBUG] ben.kn.cardgames.games.FourAces - ----------- Popping Dk
2013-02-27 18:19:23,698 [DEBUG] ben.kn.cardgames.games.FourAces - Board: Da() S8() Cj(Ck ) 
2013-02-27 18:19:23,699 [DEBUG] ben.kn.cardgames.games.FourAces - Move card to a blank spot.
2013-02-27 18:19:23,699 [DEBUG] ben.kn.cardgames.games.FourAces - Moving card from 3 to 2
2013-02-27 18:19:23,699 [DEBUG] ben.kn.cardgames.games.FourAces - Board: Da() S8() Cj() Ck() 
2013-02-27 18:19:23,699 [DEBUG] ben.kn.cardgames.games.FourAces - ----------- Popping Cj
2013-02-27 18:19:23,699 [DEBUG] ben.kn.cardgames.games.FourAces - Board: Da() S8() Ck() 
2013-02-27 18:19:23,699 [DEBUG] ben.kn.cardgames.games.FourAces - Move card to a blank spot.
2013-02-27 18:19:23,699 [DEBUG] ben.kn.cardgames.games.FourAces - Draw: H9 C7 D3 C4
2013-02-27 18:19:23,700 [DEBUG] ben.kn.cardgames.games.FourAces - Board: H9(Da ) C7(S8 ) D3() C4(Ck ) 
2013-02-27 18:19:23,700 [DEBUG] ben.kn.cardgames.games.FourAces - ----------- Popping C4
2013-02-27 18:19:23,700 [DEBUG] ben.kn.cardgames.games.FourAces - Board: H9(Da ) C7(S8 ) D3() Ck() 
2013-02-27 18:19:23,700 [DEBUG] ben.kn.cardgames.games.FourAces - ----------- Popping C7
2013-02-27 18:19:23,701 [DEBUG] ben.kn.cardgames.games.FourAces - Board: H9(Da ) S8() D3() Ck() 
2013-02-27 18:19:23,701 [DEBUG] ben.kn.cardgames.games.FourAces - Draw: S2 S4 H3 D6
2013-02-27 18:19:23,702 [DEBUG] ben.kn.cardgames.games.FourAces - Board: S2(H9 Da ) S4(S8 ) H3(D3 ) D6(Ck ) 
2013-02-27 18:19:23,702 [DEBUG] ben.kn.cardgames.games.FourAces - ----------- Popping S2
2013-02-27 18:19:23,702 [DEBUG] ben.kn.cardgames.games.FourAces - Board: H9(Da ) S4(S8 ) H3(D3 ) D6(Ck ) 
2013-02-27 18:19:23,702 [DEBUG] ben.kn.cardgames.games.FourAces - ----------- Popping H3
2013-02-27 18:19:23,703 [DEBUG] ben.kn.cardgames.games.FourAces - Board: H9(Da ) S4(S8 ) D3() D6(Ck ) 
2013-02-27 18:19:23,703 [DEBUG] ben.kn.cardgames.games.FourAces - ----------- Popping D3
2013-02-27 18:19:23,703 [DEBUG] ben.kn.cardgames.games.FourAces - Board: H9(Da ) S4(S8 ) D6(Ck ) 
2013-02-27 18:19:23,703 [DEBUG] ben.kn.cardgames.games.FourAces - Move card to a blank spot.
2013-02-27 18:19:23,704 [DEBUG] ben.kn.cardgames.games.FourAces - Board: Da() S8() D6(Ck ) 
2013-02-27 18:19:23,704 [DEBUG] ben.kn.cardgames.games.FourAces - ----------- Popping D6
2013-02-27 18:19:23,704 [DEBUG] ben.kn.cardgames.games.FourAces - Board: Da() S8() Ck() 
2013-02-27 18:19:23,704 [DEBUG] ben.kn.cardgames.games.FourAces - Move card to a blank spot.
2013-02-27 18:19:23,704 [DEBUG] ben.kn.cardgames.games.FourAces - Draw: Dj Sj C2 C5
2013-02-27 18:19:23,704 [DEBUG] ben.kn.cardgames.games.FourAces - Board: Dj(Da ) Sj(S8 ) C2() C5(Ck ) 
2013-02-27 18:19:23,705 [DEBUG] ben.kn.cardgames.games.FourAces - ----------- Popping C2
2013-02-27 18:19:23,705 [DEBUG] ben.kn.cardgames.games.FourAces - Board: Dj(Da ) Sj(S8 ) C5(Ck ) 
2013-02-27 18:19:23,705 [DEBUG] ben.kn.cardgames.games.FourAces - Move card to a blank spot.
2013-02-27 18:19:23,705 [DEBUG] ben.kn.cardgames.games.FourAces - Board: Da() Sj(S8 ) C5(Ck ) 
2013-02-27 18:19:23,705 [DEBUG] ben.kn.cardgames.games.FourAces - Move card to a blank spot.
2013-02-27 18:19:23,705 [DEBUG] ben.kn.cardgames.games.FourAces - Board: Da() S8() Ck() 
2013-02-27 18:19:23,706 [DEBUG] ben.kn.cardgames.games.FourAces - Move card to a blank spot.
2013-02-27 18:19:23,706 [DEBUG] ben.kn.cardgames.games.FourAces - Draw: S9 D4 Dq D10
2013-02-27 18:19:23,706 [DEBUG] ben.kn.cardgames.games.FourAces - Board: S9(Da ) D4(S8 ) Dq() D10(Ck ) 
2013-02-27 18:19:23,706 [DEBUG] ben.kn.cardgames.games.FourAces - ----------- Popping D4
2013-02-27 18:19:23,706 [DEBUG] ben.kn.cardgames.games.FourAces - Board: S9(Da ) S8() Dq() D10(Ck ) 
2013-02-27 18:19:23,706 [DEBUG] ben.kn.cardgames.games.FourAces - ----------- Popping S8
2013-02-27 18:19:23,707 [DEBUG] ben.kn.cardgames.games.FourAces - Board: S9(Da ) Dq() D10(Ck ) 
2013-02-27 18:19:23,707 [DEBUG] ben.kn.cardgames.games.FourAces - ----------- Popping D10
2013-02-27 18:19:23,707 [DEBUG] ben.kn.cardgames.games.FourAces - Board: S9(Da ) Dq() Ck() 
2013-02-27 18:19:23,707 [DEBUG] ben.kn.cardgames.games.FourAces - Move card to a blank spot.
2013-02-27 18:19:23,707 [DEBUG] ben.kn.cardgames.games.FourAces - Moving card from 0 to 1
2013-02-27 18:19:23,708 [DEBUG] ben.kn.cardgames.games.FourAces - Board: Da() S9() Dq() Ck() 
2013-02-27 18:19:23,708 [DEBUG] ben.kn.cardgames.games.FourAces - ----------- Popping Dq
2013-02-27 18:19:23,708 [DEBUG] ben.kn.cardgames.games.FourAces - Board: Da() S9() Ck() 
2013-02-27 18:19:23,708 [DEBUG] ben.kn.cardgames.games.FourAces - Move card to a blank spot.
2013-02-27 18:19:23,708 [DEBUG] ben.kn.cardgames.games.FourAces - Draw: D8 D9 Sq H4
2013-02-27 18:19:23,708 [DEBUG] ben.kn.cardgames.games.FourAces - Board: D8(Da ) D9(S9 ) Sq() H4(Ck ) 
2013-02-27 18:19:23,708 [DEBUG] ben.kn.cardgames.games.FourAces - ----------- Popping D8
2013-02-27 18:19:23,709 [DEBUG] ben.kn.cardgames.games.FourAces - Board: Da() D9(S9 ) Sq() H4(Ck ) 
2013-02-27 18:19:23,709 [DEBUG] ben.kn.cardgames.games.FourAces - ----------- Popping D9
2013-02-27 18:19:23,709 [DEBUG] ben.kn.cardgames.games.FourAces - Board: Da() S9() Sq() H4(Ck ) 
2013-02-27 18:19:23,709 [DEBUG] ben.kn.cardgames.games.FourAces - ----------- Popping S9
2013-02-27 18:19:23,710 [DEBUG] ben.kn.cardgames.games.FourAces - Board: Da() Sq() H4(Ck ) 
2013-02-27 18:19:23,710 [DEBUG] ben.kn.cardgames.games.FourAces - Move card to a blank spot.
2013-02-27 18:19:23,710 [DEBUG] ben.kn.cardgames.games.FourAces - Moving card from 3 to 1
2013-02-27 18:19:23,710 [DEBUG] ben.kn.cardgames.games.FourAces - Board: Da() H4() Sq() Ck() 
2013-02-27 18:19:23,710 [DEBUG] ben.kn.cardgames.games.FourAces - Draw: Sa H5 D5 D7
2013-02-27 18:19:23,711 [DEBUG] ben.kn.cardgames.games.FourAces - Board: Sa(Da ) H5(H4 ) D5(Sq ) D7(Ck ) 
2013-02-27 18:19:23,711 [DEBUG] ben.kn.cardgames.games.FourAces - ----------- Popping D5
2013-02-27 18:19:23,711 [DEBUG] ben.kn.cardgames.games.FourAces - Board: Sa(Da ) H5(H4 ) Sq() D7(Ck ) 
2013-02-27 18:19:23,711 [DEBUG] ben.kn.cardgames.games.FourAces - ----------- Popping Sq
2013-02-27 18:19:23,711 [DEBUG] ben.kn.cardgames.games.FourAces - Board: Sa(Da ) H5(H4 ) D7(Ck ) 
2013-02-27 18:19:23,711 [DEBUG] ben.kn.cardgames.games.FourAces - Move card to a blank spot.
2013-02-27 18:19:23,712 [DEBUG] ben.kn.cardgames.games.FourAces - Draw: C9 Hq H2 C10
2013-02-27 18:19:23,712 [DEBUG] ben.kn.cardgames.games.FourAces - Board: C9(Da ) Hq(H4 ) H2() C10(Ck ) 
2013-02-27 18:19:23,712 [DEBUG] ben.kn.cardgames.games.FourAces - ----------- Popping C9
2013-02-27 18:19:23,712 [DEBUG] ben.kn.cardgames.games.FourAces - Board: Da() Hq(H4 ) H2() C10(Ck ) 
2013-02-27 18:19:23,712 [DEBUG] ben.kn.cardgames.games.FourAces - ----------- Popping H2
2013-02-27 18:19:23,713 [DEBUG] ben.kn.cardgames.games.FourAces - Board: Da() Hq(H4 ) C10(Ck ) 
2013-02-27 18:19:23,713 [DEBUG] ben.kn.cardgames.games.FourAces - Move card to a blank spot.
2013-02-27 18:19:23,713 [DEBUG] ben.kn.cardgames.games.FourAces - Board: Da() H4() Ck() 
2013-02-27 18:19:23,713 [DEBUG] ben.kn.cardgames.games.FourAces - Move card to a blank spot.
2013-02-27 18:19:23,713 [DEBUG] ben.kn.cardgames.games.FourAces - Draw: Hk D2 C3 S10
2013-02-27 18:19:23,714 [DEBUG] ben.kn.cardgames.games.FourAces - Board: Hk(Da ) D2(H4 ) C3() S10(Ck ) 
2013-02-27 18:19:37,358 [DEBUG] ben.kn.cardgames.games.FourAces - Draw: Cq D2 S10 C4
2013-02-27 18:19:37,359 [DEBUG] ben.kn.cardgames.games.FourAces - Board: Cq() D2() S10() C4() 
2013-02-27 18:19:37,359 [DEBUG] ben.kn.cardgames.games.FourAces - ----------- Popping C4
2013-02-27 18:19:37,360 [DEBUG] ben.kn.cardgames.games.FourAces - Board: Cq() D2() S10() 
2013-02-27 18:19:37,360 [DEBUG] ben.kn.cardgames.games.FourAces - Move card to a blank spot.
2013-02-27 18:19:37,360 [DEBUG] ben.kn.cardgames.games.FourAces - Draw: C5 Hj Ca S6
2013-02-27 18:19:37,360 [DEBUG] ben.kn.cardgames.games.FourAces - Board: C5(Cq ) Hj(D2 ) Ca(S10 ) S6() 
2013-02-27 18:19:37,361 [DEBUG] ben.kn.cardgames.games.FourAces - ----------- Popping C5
2013-02-27 18:19:37,361 [DEBUG] ben.kn.cardgames.games.FourAces - Board: Cq() Hj(D2 ) Ca(S10 ) S6() 
2013-02-27 18:19:37,361 [DEBUG] ben.kn.cardgames.games.FourAces - ----------- Popping Cq
2013-02-27 18:19:37,362 [DEBUG] ben.kn.cardgames.games.FourAces - Board: Hj(D2 ) Ca(S10 ) S6() 
2013-02-27 18:19:37,362 [DEBUG] ben.kn.cardgames.games.FourAces - Move card to a blank spot.
2013-02-27 18:19:37,362 [DEBUG] ben.kn.cardgames.games.FourAces - Board: D2() S10() S6() 
2013-02-27 18:19:37,362 [DEBUG] ben.kn.cardgames.games.FourAces - ----------- Popping S6
2013-02-27 18:19:37,363 [DEBUG] ben.kn.cardgames.games.FourAces - Board: D2() S10() 
2013-02-27 18:19:37,363 [DEBUG] ben.kn.cardgames.games.FourAces - Move card to a blank spot.
2013-02-27 18:19:37,363 [DEBUG] ben.kn.cardgames.games.FourAces - Draw: H5 S5 Sj Dq
2013-02-27 18:19:37,363 [DEBUG] ben.kn.cardgames.games.FourAces - Board: H5(D2 ) S5() Sj(S10 ) Dq() 
2013-02-27 18:19:37,363 [DEBUG] ben.kn.cardgames.games.FourAces - ----------- Popping S5
2013-02-27 18:19:37,364 [DEBUG] ben.kn.cardgames.games.FourAces - Board: H5(D2 ) Sj(S10 ) Dq() 
2013-02-27 18:19:37,364 [DEBUG] ben.kn.cardgames.games.FourAces - Move card to a blank spot.
2013-02-27 18:19:37,364 [DEBUG] ben.kn.cardgames.games.FourAces - Board: D2() S10() Dq() 
2013-02-27 18:19:37,364 [DEBUG] ben.kn.cardgames.games.FourAces - ----------- Popping D2
2013-02-27 18:19:37,365 [DEBUG] ben.kn.cardgames.games.FourAces - Board: S10() Dq() 
2013-02-27 18:19:37,365 [DEBUG] ben.kn.cardgames.games.FourAces - Move card to a blank spot.
2013-02-27 18:19:37,365 [DEBUG] ben.kn.cardgames.games.FourAces - Draw: D9 H10 C7 Ha
2013-02-27 18:19:37,365 [DEBUG] ben.kn.cardgames.games.FourAces - Board: D9() H10() C7(S10 ) Ha(Dq ) 
2013-02-27 18:19:37,366 [DEBUG] ben.kn.cardgames.games.FourAces - ----------- Popping H10
2013-02-27 18:19:37,366 [DEBUG] ben.kn.cardgames.games.FourAces - Board: D9() C7(S10 ) Ha(Dq ) 
2013-02-27 18:19:37,366 [DEBUG] ben.kn.cardgames.games.FourAces - Move card to a blank spot.
2013-02-27 18:19:37,366 [DEBUG] ben.kn.cardgames.games.FourAces - Board: D9() S10() Dq() 
2013-02-27 18:19:37,367 [DEBUG] ben.kn.cardgames.games.FourAces - ----------- Popping D9
2013-02-27 18:19:37,367 [DEBUG] ben.kn.cardgames.games.FourAces - Board: S10() Dq() 
2013-02-27 18:19:37,367 [DEBUG] ben.kn.cardgames.games.FourAces - Move card to a blank spot.
2013-02-27 18:19:37,367 [DEBUG] ben.kn.cardgames.games.FourAces - Draw: C6 D3 H3 Sk
2013-02-27 18:19:37,368 [DEBUG] ben.kn.cardgames.games.FourAces - Board: C6() D3(S10 ) H3() Sk(Dq ) 
2013-02-27 18:19:37,368 [DEBUG] ben.kn.cardgames.games.FourAces - Draw: S7 D6 D5 Hk
2013-02-27 18:19:37,368 [DEBUG] ben.kn.cardgames.games.FourAces - Board: S7(C6 ) D6(D3 S10 ) D5(H3 ) Hk(Sk Dq ) 
2013-02-27 18:19:37,368 [DEBUG] ben.kn.cardgames.games.FourAces - ----------- Popping D5
2013-02-27 18:19:37,369 [DEBUG] ben.kn.cardgames.games.FourAces - Board: S7(C6 ) D6(D3 S10 ) H3() Hk(Sk Dq ) 
2013-02-27 18:19:37,369 [DEBUG] ben.kn.cardgames.games.FourAces - ----------- Popping H3
2013-02-27 18:19:37,370 [DEBUG] ben.kn.cardgames.games.FourAces - Board: S7(C6 ) D6(D3 S10 ) Hk(Sk Dq ) 
2013-02-27 18:19:37,370 [DEBUG] ben.kn.cardgames.games.FourAces - Move card to a blank spot.
2013-02-27 18:19:37,370 [DEBUG] ben.kn.cardgames.games.FourAces - Board: C6() S10() D3() Sk(Dq ) 
2013-02-27 18:19:37,370 [DEBUG] ben.kn.cardgames.games.FourAces - ----------- Popping S10
2013-02-27 18:19:37,371 [DEBUG] ben.kn.cardgames.games.FourAces - Board: C6() D3() Sk(Dq ) 
2013-02-27 18:19:37,371 [DEBUG] ben.kn.cardgames.games.FourAces - Move card to a blank spot.
2013-02-27 18:19:37,371 [DEBUG] ben.kn.cardgames.games.FourAces - Moving card from 3 to 1
2013-02-27 18:19:37,372 [DEBUG] ben.kn.cardgames.games.FourAces - Board: C6() Sk() D3() Dq() 
2013-02-27 18:19:37,372 [DEBUG] ben.kn.cardgames.games.FourAces - ----------- Popping D3
2013-02-27 18:19:37,372 [DEBUG] ben.kn.cardgames.games.FourAces - Board: C6() Sk() Dq() 
2013-02-27 18:19:37,372 [DEBUG] ben.kn.cardgames.games.FourAces - Move card to a blank spot.
2013-02-27 18:19:37,372 [DEBUG] ben.kn.cardgames.games.FourAces - Draw: H8 D7 Ck S3
2013-02-27 18:19:37,373 [DEBUG] ben.kn.cardgames.games.FourAces - Board: H8(C6 ) D7(Sk ) Ck() S3(Dq ) 
2013-02-27 18:19:37,373 [DEBUG] ben.kn.cardgames.games.FourAces - Draw: Cj H7 S4 Hq
2013-02-27 18:19:37,374 [DEBUG] ben.kn.cardgames.games.FourAces - Board: Cj(H8 C6 ) H7(D7 Sk ) S4(Ck ) Hq(S3 Dq ) 
2013-02-27 18:19:37,374 [DEBUG] ben.kn.cardgames.games.FourAces - ----------- Popping H7
2013-02-27 18:19:37,375 [DEBUG] ben.kn.cardgames.games.FourAces - Board: Cj(H8 C6 ) D7(Sk ) S4(Ck ) Hq(S3 Dq ) 
2013-02-27 18:19:37,375 [DEBUG] ben.kn.cardgames.games.FourAces - Draw: Dk Dj D8 D4
2013-02-27 18:19:37,376 [DEBUG] ben.kn.cardgames.games.FourAces - Board: Dk(Cj H8 C6 ) Dj(D7 Sk ) D8(S4 Ck ) D4(Hq S3 Dq ) 
2013-02-27 18:19:37,376 [DEBUG] ben.kn.cardgames.games.FourAces - ----------- Popping Dj
2013-02-27 18:19:37,377 [DEBUG] ben.kn.cardgames.games.FourAces - Board: Dk(Cj H8 C6 ) D7(Sk ) D8(S4 Ck ) D4(Hq S3 Dq ) 
2013-02-27 18:19:37,377 [DEBUG] ben.kn.cardgames.games.FourAces - ----------- Popping D7
2013-02-27 18:19:37,377 [DEBUG] ben.kn.cardgames.games.FourAces - Board: Dk(Cj H8 C6 ) Sk() D8(S4 Ck ) D4(Hq S3 Dq ) 
2013-02-27 18:19:37,377 [DEBUG] ben.kn.cardgames.games.FourAces - ----------- Popping D8
2013-02-27 18:19:37,378 [DEBUG] ben.kn.cardgames.games.FourAces - Board: Dk(Cj H8 C6 ) Sk() S4(Ck ) D4(Hq S3 Dq ) 
2013-02-27 18:19:37,378 [DEBUG] ben.kn.cardgames.games.FourAces - ----------- Popping D4
2013-02-27 18:19:37,379 [DEBUG] ben.kn.cardgames.games.FourAces - Board: Dk(Cj H8 C6 ) Sk() S4(Ck ) Hq(S3 Dq ) 
2013-02-27 18:19:37,379 [DEBUG] ben.kn.cardgames.games.FourAces - ----------- Popping S4
2013-02-27 18:19:37,379 [DEBUG] ben.kn.cardgames.games.FourAces - Board: Dk(Cj H8 C6 ) Sk() Ck() Hq(S3 Dq ) 
2013-02-27 18:19:37,380 [DEBUG] ben.kn.cardgames.games.FourAces - Draw: Sa Sq C9 C2
2013-02-27 18:19:37,380 [DEBUG] ben.kn.cardgames.games.FourAces - Board: Sa(Dk Cj H8 C6 ) Sq(Sk ) C9(Ck ) C2(Hq S3 Dq ) 
2013-02-27 18:19:37,380 [DEBUG] ben.kn.cardgames.games.FourAces - ----------- Popping Sq
2013-02-27 18:19:37,381 [DEBUG] ben.kn.cardgames.games.FourAces - Board: Sa(Dk Cj H8 C6 ) Sk() C9(Ck ) C2(Hq S3 Dq ) 
2013-02-27 18:19:37,381 [DEBUG] ben.kn.cardgames.games.FourAces - ----------- Popping Sk
2013-02-27 18:19:37,381 [DEBUG] ben.kn.cardgames.games.FourAces - Board: Sa(Dk Cj H8 C6 ) C9(Ck ) C2(Hq S3 Dq ) 
2013-02-27 18:19:37,382 [DEBUG] ben.kn.cardgames.games.FourAces - ----------- Popping C2
2013-02-27 18:19:37,382 [DEBUG] ben.kn.cardgames.games.FourAces - Board: Sa(Dk Cj H8 C6 ) C9(Ck ) Hq(S3 Dq ) 
2013-02-27 18:19:37,382 [DEBUG] ben.kn.cardgames.games.FourAces - Move card to a blank spot.
2013-02-27 18:19:37,383 [DEBUG] ben.kn.cardgames.games.FourAces - Board: Dk(Cj H8 C6 ) Ck() Hq(S3 Dq ) 
2013-02-27 18:19:37,383 [DEBUG] ben.kn.cardgames.games.FourAces - Move card to a blank spot.
2013-02-27 18:19:37,384 [DEBUG] ben.kn.cardgames.games.FourAces - Board: H8(C6 ) Cj() Ck() S3(Dq ) 
2013-02-27 18:19:37,384 [DEBUG] ben.kn.cardgames.games.FourAces - ----------- Popping Cj
2013-02-27 18:19:37,385 [DEBUG] ben.kn.cardgames.games.FourAces - Board: H8(C6 ) Ck() S3(Dq ) 
2013-02-27 18:19:37,385 [DEBUG] ben.kn.cardgames.games.FourAces - Move card to a blank spot.
2013-02-27 18:19:37,386 [DEBUG] ben.kn.cardgames.games.FourAces - Board: C6() Ck() Dq() 
2013-02-27 18:19:37,386 [DEBUG] ben.kn.cardgames.games.FourAces - ----------- Popping C6
2013-02-27 18:19:37,386 [DEBUG] ben.kn.cardgames.games.FourAces - Board: Ck() Dq() 
2013-02-27 18:19:37,386 [DEBUG] ben.kn.cardgames.games.FourAces - Move card to a blank spot.
2013-02-27 18:19:37,386 [DEBUG] ben.kn.cardgames.games.FourAces - Draw: Da H6 D10 H2
2013-02-27 18:19:37,387 [DEBUG] ben.kn.cardgames.games.FourAces - Board: Da() H6() D10(Ck ) H2(Dq ) 
2013-02-27 18:19:37,387 [DEBUG] ben.kn.cardgames.games.FourAces - ----------- Popping D10
2013-02-27 18:19:37,388 [DEBUG] ben.kn.cardgames.games.FourAces - Board: Da() H6() Ck() H2(Dq ) 
2013-02-27 18:19:37,388 [DEBUG] ben.kn.cardgames.games.FourAces - ----------- Popping H2
2013-02-27 18:19:37,389 [DEBUG] ben.kn.cardgames.games.FourAces - Board: Da() H6() Ck() Dq() 
2013-02-27 18:19:37,389 [DEBUG] ben.kn.cardgames.games.FourAces - ----------- Popping Dq
2013-02-27 18:19:37,390 [DEBUG] ben.kn.cardgames.games.FourAces - Board: Da() H6() Ck() 
2013-02-27 18:19:37,390 [DEBUG] ben.kn.cardgames.games.FourAces - Move card to a blank spot.
2013-02-27 18:19:37,390 [DEBUG] ben.kn.cardgames.games.FourAces - Draw: C3 H4 S2 S8
2013-02-27 18:19:37,391 [DEBUG] ben.kn.cardgames.games.FourAces - Board: C3(Da ) H4(H6 ) S2(Ck ) S8() 
2013-02-27 18:19:37,391 [DEBUG] ben.kn.cardgames.games.FourAces - ----------- Popping S2
2013-02-27 18:19:37,392 [DEBUG] ben.kn.cardgames.games.FourAces - Board: C3(Da ) H4(H6 ) Ck() S8() 
2013-02-27 18:19:37,392 [DEBUG] ben.kn.cardgames.games.FourAces - ----------- Popping C3
2013-02-27 18:19:37,392 [DEBUG] ben.kn.cardgames.games.FourAces - Board: Da() H4(H6 ) Ck() S8() 
2013-02-27 18:19:37,393 [DEBUG] ben.kn.cardgames.games.FourAces - Draw: H9 S9 C10 C8
2013-02-27 18:19:37,393 [DEBUG] ben.kn.cardgames.games.FourAces - Board: H9(Da ) S9(H4 H6 ) C10(Ck ) C8(S8 ) 
2013-02-27 18:19:37,394 [DEBUG] ben.kn.cardgames.games.FourAces - ----------- Popping C8
2013-02-27 18:19:37,394 [DEBUG] ben.kn.cardgames.games.FourAces - Board: H9(Da ) S9(H4 H6 ) C10(Ck ) S8() 
2013-02-27 18:19:37,395 [DEBUG] ben.kn.cardgames.games.FourAces - ----------- Popping S8
2013-02-27 18:19:37,395 [DEBUG] ben.kn.cardgames.games.FourAces - Board: H9(Da ) S9(H4 H6 ) C10(Ck ) 
2013-02-27 18:19:37,395 [DEBUG] ben.kn.cardgames.games.FourAces - Move card to a blank spot.
2013-02-27 18:19:37,396 [DEBUG] ben.kn.cardgames.games.FourAces - Board: Da() H4(H6 ) Ck() 
2013-02-27 18:19:37,396 [DEBUG] ben.kn.cardgames.games.FourAces - Move card to a blank spot.
2013-02-27 18:19:37,396 [DEBUG] ben.kn.cardgames.games.FourAces - Moving card from 1 to 3
2013-02-27 18:19:37,397 [DEBUG] ben.kn.cardgames.games.FourAces - Board: Da() H6() Ck() H4() 
2013-02-27 18:19:37,397 [DEBUG] ben.kn.cardgames.games.FourAces - ----------- Popping H4
2013-02-27 18:19:37,397 [DEBUG] ben.kn.cardgames.games.FourAces - Board: Da() H6() Ck() 
2013-02-27 18:19:37,397 [DEBUG] ben.kn.cardgames.games.FourAces - Move card to a blank spot.
2013-02-27 18:20:57,033 [DEBUG] ben.kn.cardgames.games.FourAces - Draw: C5 Hq H10 C2
2013-02-27 18:20:57,034 [DEBUG] ben.kn.cardgames.games.FourAces - Board: C5() Hq() H10() C2() 
2013-02-27 18:20:57,034 [DEBUG] ben.kn.cardgames.games.FourAces - ----------- Popping C2
2013-02-27 18:20:57,034 [DEBUG] ben.kn.cardgames.games.FourAces - Board: C5() Hq() H10() 
2013-02-27 18:20:57,035 [DEBUG] ben.kn.cardgames.games.FourAces - ----------- Popping H10
2013-02-27 18:20:57,035 [DEBUG] ben.kn.cardgames.games.FourAces - Board: C5() Hq() 
2013-02-27 18:20:57,035 [DEBUG] ben.kn.cardgames.games.FourAces - There's a blank spot...
2013-02-27 18:20:57,035 [DEBUG] ben.kn.cardgames.games.FourAces - Draw: Sa H5 H2 Ca
2013-02-27 18:20:57,036 [DEBUG] ben.kn.cardgames.games.FourAces - Board: Sa(C5 ) H5(Hq ) H2() Ca() 
2013-02-27 18:20:57,036 [DEBUG] ben.kn.cardgames.games.FourAces - ----------- Popping H2
2013-02-27 18:20:57,036 [DEBUG] ben.kn.cardgames.games.FourAces - Board: Sa(C5 ) H5(Hq ) Ca() 
2013-02-27 18:20:57,036 [DEBUG] ben.kn.cardgames.games.FourAces - There's a blank spot...
2013-02-27 18:20:57,037 [DEBUG] ben.kn.cardgames.games.FourAces - Board: C5() Hq() Ca() 
2013-02-27 18:20:57,037 [DEBUG] ben.kn.cardgames.games.FourAces - ----------- Popping C5
2013-02-27 18:20:57,037 [DEBUG] ben.kn.cardgames.games.FourAces - Board: Hq() Ca() 
2013-02-27 18:20:57,037 [DEBUG] ben.kn.cardgames.games.FourAces - There's a blank spot...
2013-02-27 18:20:57,037 [DEBUG] ben.kn.cardgames.games.FourAces - Draw: Sj S10 Ha Dj
2013-02-27 18:20:57,038 [DEBUG] ben.kn.cardgames.games.FourAces - Board: Sj() S10(Hq ) Ha() Dj(Ca ) 
2013-02-27 18:20:57,038 [DEBUG] ben.kn.cardgames.games.FourAces - ----------- Popping S10
2013-02-27 18:20:57,038 [DEBUG] ben.kn.cardgames.games.FourAces - Board: Sj() Hq() Ha() Dj(Ca ) 
2013-02-27 18:20:57,039 [DEBUG] ben.kn.cardgames.games.FourAces - ----------- Popping Hq
2013-02-27 18:20:57,039 [DEBUG] ben.kn.cardgames.games.FourAces - Board: Sj() Ha() Dj(Ca ) 
2013-02-27 18:20:57,039 [DEBUG] ben.kn.cardgames.games.FourAces - There's a blank spot...
2013-02-27 18:20:57,039 [DEBUG] ben.kn.cardgames.games.FourAces - Moving card from 3 to 1
2013-02-27 18:20:57,040 [DEBUG] ben.kn.cardgames.games.FourAces - Board: Sj() Dj() Ha() Ca() 
2013-02-27 18:20:57,040 [DEBUG] ben.kn.cardgames.games.FourAces - Draw: H7 D3 D9 H9
2013-02-27 18:20:57,040 [DEBUG] ben.kn.cardgames.games.FourAces - Board: H7(Sj ) D3(Dj ) D9(Ha ) H9(Ca ) 
2013-02-27 18:20:57,041 [DEBUG] ben.kn.cardgames.games.FourAces - ----------- Popping H7
2013-02-27 18:20:57,041 [DEBUG] ben.kn.cardgames.games.FourAces - Board: Sj() D3(Dj ) D9(Ha ) H9(Ca ) 
2013-02-27 18:20:57,041 [DEBUG] ben.kn.cardgames.games.FourAces - ----------- Popping D3
2013-02-27 18:20:57,042 [DEBUG] ben.kn.cardgames.games.FourAces - Board: Sj() Dj() D9(Ha ) H9(Ca ) 
2013-02-27 18:20:57,042 [DEBUG] ben.kn.cardgames.games.FourAces - ----------- Popping D9
2013-02-27 18:20:57,042 [DEBUG] ben.kn.cardgames.games.FourAces - Board: Sj() Dj() Ha() H9(Ca ) 
2013-02-27 18:20:57,042 [DEBUG] ben.kn.cardgames.games.FourAces - ----------- Popping H9
2013-02-27 18:20:57,043 [DEBUG] ben.kn.cardgames.games.FourAces - Board: Sj() Dj() Ha() Ca() 
2013-02-27 18:20:57,043 [DEBUG] ben.kn.cardgames.games.FourAces - Draw: D6 D4 Dk C7
2013-02-27 18:20:57,044 [DEBUG] ben.kn.cardgames.games.FourAces - Board: D6(Sj ) D4(Dj ) Dk(Ha ) C7(Ca ) 
2013-02-27 18:20:57,044 [DEBUG] ben.kn.cardgames.games.FourAces - ----------- Popping D4
2013-02-27 18:20:57,044 [DEBUG] ben.kn.cardgames.games.FourAces - Board: D6(Sj ) Dj() Dk(Ha ) C7(Ca ) 
2013-02-27 18:20:57,044 [DEBUG] ben.kn.cardgames.games.FourAces - ----------- Popping D6
2013-02-27 18:20:57,045 [DEBUG] ben.kn.cardgames.games.FourAces - Board: Sj() Dj() Dk(Ha ) C7(Ca ) 
2013-02-27 18:20:57,045 [DEBUG] ben.kn.cardgames.games.FourAces - ----------- Popping Dj
2013-02-27 18:20:57,045 [DEBUG] ben.kn.cardgames.games.FourAces - Board: Sj() Dk(Ha ) C7(Ca ) 
2013-02-27 18:20:57,046 [DEBUG] ben.kn.cardgames.games.FourAces - There's a blank spot...
2013-02-27 18:20:57,046 [DEBUG] ben.kn.cardgames.games.FourAces - Board: Sj() Ha() Ca() 
2013-02-27 18:20:57,046 [DEBUG] ben.kn.cardgames.games.FourAces - There's a blank spot...
2013-02-27 18:20:57,046 [DEBUG] ben.kn.cardgames.games.FourAces - Draw: Hk D7 Ck C6
2013-02-27 18:20:57,047 [DEBUG] ben.kn.cardgames.games.FourAces - Board: Hk(Sj ) D7() Ck(Ha ) C6(Ca ) 
2013-02-27 18:20:57,047 [DEBUG] ben.kn.cardgames.games.FourAces - ----------- Popping C6
2013-02-27 18:20:57,047 [DEBUG] ben.kn.cardgames.games.FourAces - Board: Hk(Sj ) D7() Ck(Ha ) Ca() 
2013-02-27 18:20:57,047 [DEBUG] ben.kn.cardgames.games.FourAces - ----------- Popping Ck
2013-02-27 18:20:57,048 [DEBUG] ben.kn.cardgames.games.FourAces - Board: Hk(Sj ) D7() Ha() Ca() 
2013-02-27 18:20:57,048 [DEBUG] ben.kn.cardgames.games.FourAces - ----------- Popping Hk
2013-02-27 18:20:57,049 [DEBUG] ben.kn.cardgames.games.FourAces - Board: Sj() D7() Ha() Ca() 
2013-02-27 18:20:57,049 [DEBUG] ben.kn.cardgames.games.FourAces - Draw: Dq D10 S2 Hj
2013-02-27 18:20:57,049 [DEBUG] ben.kn.cardgames.games.FourAces - Board: Dq(Sj ) D10(D7 ) S2(Ha ) Hj(Ca ) 
2013-02-27 18:20:57,049 [DEBUG] ben.kn.cardgames.games.FourAces - ----------- Popping D10
2013-02-27 18:20:57,050 [DEBUG] ben.kn.cardgames.games.FourAces - Board: Dq(Sj ) D7() S2(Ha ) Hj(Ca ) 
2013-02-27 18:20:57,050 [DEBUG] ben.kn.cardgames.games.FourAces - ----------- Popping D7
2013-02-27 18:20:57,051 [DEBUG] ben.kn.cardgames.games.FourAces - Board: Dq(Sj ) S2(Ha ) Hj(Ca ) 
2013-02-27 18:20:57,051 [DEBUG] ben.kn.cardgames.games.FourAces - There's a blank spot...
2013-02-27 18:20:57,051 [DEBUG] ben.kn.cardgames.games.FourAces - Draw: S4 S9 S7 S3
2013-02-27 18:20:57,052 [DEBUG] ben.kn.cardgames.games.FourAces - Board: S4(Sj ) S9() S7(Ha ) S3(Ca ) 
2013-02-27 18:20:57,052 [DEBUG] ben.kn.cardgames.games.FourAces - ----------- Popping S4
2013-02-27 18:20:57,053 [DEBUG] ben.kn.cardgames.games.FourAces - Board: Sj() S9() S7(Ha ) S3(Ca ) 
2013-02-27 18:20:57,053 [DEBUG] ben.kn.cardgames.games.FourAces - ----------- Popping S9
2013-02-27 18:20:57,054 [DEBUG] ben.kn.cardgames.games.FourAces - Board: Sj() S7(Ha ) S3(Ca ) 
2013-02-27 18:20:57,054 [DEBUG] ben.kn.cardgames.games.FourAces - ----------- Popping S7
2013-02-27 18:20:57,055 [DEBUG] ben.kn.cardgames.games.FourAces - Board: Sj() Ha() S3(Ca ) 
2013-02-27 18:20:57,055 [DEBUG] ben.kn.cardgames.games.FourAces - ----------- Popping S3
2013-02-27 18:20:57,055 [DEBUG] ben.kn.cardgames.games.FourAces - Board: Sj() Ha() Ca() 
2013-02-27 18:20:57,055 [DEBUG] ben.kn.cardgames.games.FourAces - There's a blank spot...
2013-02-27 18:20:57,056 [DEBUG] ben.kn.cardgames.games.FourAces - Draw: Cj H8 Sq S6
2013-02-27 18:20:57,056 [DEBUG] ben.kn.cardgames.games.FourAces - Board: Cj(Sj ) H8() Sq(Ha ) S6(Ca ) 
2013-02-27 18:20:57,056 [DEBUG] ben.kn.cardgames.games.FourAces - ----------- Popping S6
2013-02-27 18:20:57,057 [DEBUG] ben.kn.cardgames.games.FourAces - Board: Cj(Sj ) H8() Sq(Ha ) Ca() 
2013-02-27 18:20:57,057 [DEBUG] ben.kn.cardgames.games.FourAces - ----------- Popping Cj
2013-02-27 18:20:57,058 [DEBUG] ben.kn.cardgames.games.FourAces - Board: Sj() H8() Sq(Ha ) Ca() 
2013-02-27 18:20:57,058 [DEBUG] ben.kn.cardgames.games.FourAces - ----------- Popping Sj
2013-02-27 18:20:57,059 [DEBUG] ben.kn.cardgames.games.FourAces - Board: H8() Sq(Ha ) Ca() 
2013-02-27 18:20:57,059 [DEBUG] ben.kn.cardgames.games.FourAces - There's a blank spot...
2013-02-27 18:20:57,059 [DEBUG] ben.kn.cardgames.games.FourAces - Moving card from 2 to 0
2013-02-27 18:20:57,059 [DEBUG] ben.kn.cardgames.games.FourAces - Board: Sq() H8() Ha() Ca() 
2013-02-27 18:20:57,060 [DEBUG] ben.kn.cardgames.games.FourAces - ----------- Popping H8
2013-02-27 18:20:57,060 [DEBUG] ben.kn.cardgames.games.FourAces - Board: Sq() Ha() Ca() 
2013-02-27 18:20:57,060 [DEBUG] ben.kn.cardgames.games.FourAces - There's a blank spot...
2013-02-27 18:20:57,060 [DEBUG] ben.kn.cardgames.games.FourAces - Draw: C10 D8 D2 S5
2013-02-27 18:20:57,061 [DEBUG] ben.kn.cardgames.games.FourAces - Board: C10(Sq ) D8() D2(Ha ) S5(Ca ) 
2013-02-27 18:20:57,061 [DEBUG] ben.kn.cardgames.games.FourAces - ----------- Popping D2
2013-02-27 18:20:57,061 [DEBUG] ben.kn.cardgames.games.FourAces - Board: C10(Sq ) D8() Ha() S5(Ca ) 
2013-02-27 18:20:57,062 [DEBUG] ben.kn.cardgames.games.FourAces - Draw: Cq S8 C4 C8
2013-02-27 18:20:57,062 [DEBUG] ben.kn.cardgames.games.FourAces - Board: Cq(C10 Sq ) S8(D8 ) C4(Ha ) C8(S5 Ca ) 
2013-02-27 18:20:57,062 [DEBUG] ben.kn.cardgames.games.FourAces - ----------- Popping C4
2013-02-27 18:20:57,063 [DEBUG] ben.kn.cardgames.games.FourAces - Board: Cq(C10 Sq ) S8(D8 ) Ha() C8(S5 Ca ) 
2013-02-27 18:20:57,063 [DEBUG] ben.kn.cardgames.games.FourAces - ----------- Popping C8
2013-02-27 18:20:57,064 [DEBUG] ben.kn.cardgames.games.FourAces - Board: Cq(C10 Sq ) S8(D8 ) Ha() S5(Ca ) 
2013-02-27 18:20:57,064 [DEBUG] ben.kn.cardgames.games.FourAces - ----------- Popping S5
2013-02-27 18:20:57,064 [DEBUG] ben.kn.cardgames.games.FourAces - Board: Cq(C10 Sq ) S8(D8 ) Ha() Ca() 
2013-02-27 18:20:57,065 [DEBUG] ben.kn.cardgames.games.FourAces - ----------- Popping Cq
2013-02-27 18:20:57,065 [DEBUG] ben.kn.cardgames.games.FourAces - Board: C10(Sq ) S8(D8 ) Ha() Ca() 
2013-02-27 18:20:57,065 [DEBUG] ben.kn.cardgames.games.FourAces - ----------- Popping C10
2013-02-27 18:20:57,066 [DEBUG] ben.kn.cardgames.games.FourAces - Board: Sq() S8(D8 ) Ha() Ca() 
2013-02-27 18:20:57,066 [DEBUG] ben.kn.cardgames.games.FourAces - ----------- Popping S8
2013-02-27 18:20:57,067 [DEBUG] ben.kn.cardgames.games.FourAces - Board: Sq() D8() Ha() Ca() 
2013-02-27 18:20:57,067 [DEBUG] ben.kn.cardgames.games.FourAces - Draw: C9 H6 Sk C3
2013-02-27 18:20:57,068 [DEBUG] ben.kn.cardgames.games.FourAces - Board: C9(Sq ) H6(D8 ) Sk(Ha ) C3(Ca ) 
2013-02-27 18:20:57,068 [DEBUG] ben.kn.cardgames.games.FourAces - ----------- Popping C3
2013-02-27 18:20:57,068 [DEBUG] ben.kn.cardgames.games.FourAces - Board: C9(Sq ) H6(D8 ) Sk(Ha ) Ca() 
2013-02-27 18:20:57,069 [DEBUG] ben.kn.cardgames.games.FourAces - ----------- Popping C9
2013-02-27 18:20:57,069 [DEBUG] ben.kn.cardgames.games.FourAces - Board: Sq() H6(D8 ) Sk(Ha ) Ca() 
2013-02-27 18:20:57,069 [DEBUG] ben.kn.cardgames.games.FourAces - ----------- Popping Sq
2013-02-27 18:20:57,070 [DEBUG] ben.kn.cardgames.games.FourAces - Board: H6(D8 ) Sk(Ha ) Ca() 
2013-02-27 18:20:57,070 [DEBUG] ben.kn.cardgames.games.FourAces - There's a blank spot...
2013-02-27 18:20:57,070 [DEBUG] ben.kn.cardgames.games.FourAces - Draw: D5 H4 Da H3
2013-02-27 18:20:57,071 [DEBUG] ben.kn.cardgames.games.FourAces - Board: D5() H4(D8 ) Da(Ha ) H3(Ca ) 
2013-02-27 18:20:57,071 [DEBUG] ben.kn.cardgames.games.FourAces - ----------- Popping D5
2013-02-27 18:20:57,071 [DEBUG] ben.kn.cardgames.games.FourAces - Board: H4(D8 ) Da(Ha ) H3(Ca ) 
2013-02-27 18:20:57,072 [DEBUG] ben.kn.cardgames.games.FourAces - ----------- Popping H3
2013-02-27 18:20:57,072 [DEBUG] ben.kn.cardgames.games.FourAces - Board: H4(D8 ) Da(Ha ) Ca() 
2013-02-27 18:20:57,072 [DEBUG] ben.kn.cardgames.games.FourAces - There's a blank spot...
2013-02-27 18:22:39,881 [DEBUG] ben.kn.cardgames.games.FourAces - Draw: Cq Hq Sq S10
2013-02-27 18:22:39,882 [DEBUG] ben.kn.cardgames.games.FourAces - Board: Cq() Hq() Sq() S10() 
2013-02-27 18:22:39,882 [DEBUG] ben.kn.cardgames.games.FourAces - ----------- Popping S10
2013-02-27 18:22:39,883 [DEBUG] ben.kn.cardgames.games.FourAces - Board: Cq() Hq() Sq() 
2013-02-27 18:22:39,883 [DEBUG] ben.kn.cardgames.games.FourAces - There's a blank spot...
2013-02-27 18:23:18,326 [DEBUG] ben.kn.cardgames.games.FourAces - Draw: C6 S7 Dj S9
2013-02-27 18:23:18,327 [DEBUG] ben.kn.cardgames.games.FourAces - Board: C6(Cq ) S7(Hq ) Dj(Sq ) S9() 
2013-02-27 18:23:18,327 [DEBUG] ben.kn.cardgames.games.FourAces - ----------- Popping S7
2013-02-27 18:23:18,328 [DEBUG] ben.kn.cardgames.games.FourAces - Board: C6(Cq ) Hq() Dj(Sq ) S9() 
2013-02-27 18:23:18,328 [DEBUG] ben.kn.cardgames.games.FourAces - Draw: Da D9 Ha C3
2013-02-27 18:23:18,329 [DEBUG] ben.kn.cardgames.games.FourAces - Board: Da(C6 Cq ) D9(Hq ) Ha(Dj Sq ) C3(S9 ) 
2013-02-27 18:23:18,329 [DEBUG] ben.kn.cardgames.games.FourAces - ----------- Popping D9
2013-02-27 18:23:18,330 [DEBUG] ben.kn.cardgames.games.FourAces - Board: Da(C6 Cq ) Hq() Ha(Dj Sq ) C3(S9 ) 
2013-02-27 18:23:18,330 [DEBUG] ben.kn.cardgames.games.FourAces - ----------- Popping Hq
2013-02-27 18:23:18,331 [DEBUG] ben.kn.cardgames.games.FourAces - Board: Da(C6 Cq ) Ha(Dj Sq ) C3(S9 ) 
2013-02-27 18:23:18,331 [DEBUG] ben.kn.cardgames.games.FourAces - There's a blank spot...
2013-02-27 18:23:56,306 [DEBUG] ben.kn.cardgames.games.FourAces - Draw: C5 D6 S3 Hk
2013-02-27 18:23:56,308 [DEBUG] ben.kn.cardgames.games.FourAces - Board: C5() D6() S3() Hk() 
2013-02-27 18:23:56,308 [DEBUG] ben.kn.cardgames.games.FourAces - Draw: Hj D9 C9 H5
2013-02-27 18:23:56,309 [DEBUG] ben.kn.cardgames.games.FourAces - Board: Hj(C5 ) D9(D6 ) C9(S3 ) H5(Hk ) 
2013-02-27 18:23:56,309 [DEBUG] ben.kn.cardgames.games.FourAces - ----------- Popping H5
2013-02-27 18:23:56,310 [DEBUG] ben.kn.cardgames.games.FourAces - Board: Hj(C5 ) D9(D6 ) C9(S3 ) Hk() 
2013-02-27 18:23:56,310 [DEBUG] ben.kn.cardgames.games.FourAces - ----------- Popping Hj
2013-02-27 18:23:56,311 [DEBUG] ben.kn.cardgames.games.FourAces - Board: C5() D9(D6 ) C9(S3 ) Hk() 
2013-02-27 18:23:56,311 [DEBUG] ben.kn.cardgames.games.FourAces - ----------- Popping C5
2013-02-27 18:23:56,312 [DEBUG] ben.kn.cardgames.games.FourAces - Board: D9(D6 ) C9(S3 ) Hk() 
2013-02-27 18:23:56,312 [DEBUG] ben.kn.cardgames.games.FourAces - There's a blank spot...
2013-02-27 18:25:09,694 [DEBUG] ben.kn.cardgames.games.FourAces - Draw: D4 H6 Sa Dq
2013-02-27 18:25:09,696 [DEBUG] ben.kn.cardgames.games.FourAces - Board: D4() H6() Sa() Dq() 
2013-02-27 18:25:09,696 [DEBUG] ben.kn.cardgames.games.FourAces - ----------- Popping D4
2013-02-27 18:25:09,696 [DEBUG] ben.kn.cardgames.games.FourAces - Board: H6() Sa() Dq() 
2013-02-27 18:25:09,697 [DEBUG] ben.kn.cardgames.games.FourAces - There's a blank spot...
2013-02-27 18:25:09,697 [DEBUG] ben.kn.cardgames.games.FourAces - Draw: C9 Sj H4 S10
2013-02-27 18:25:09,698 [DEBUG] ben.kn.cardgames.games.FourAces - Board: C9() Sj(H6 ) H4(Sa ) S10(Dq ) 
2013-02-27 18:25:09,698 [DEBUG] ben.kn.cardgames.games.FourAces - ----------- Popping S10
2013-02-27 18:25:09,699 [DEBUG] ben.kn.cardgames.games.FourAces - Board: C9() Sj(H6 ) H4(Sa ) Dq() 
2013-02-27 18:25:09,699 [DEBUG] ben.kn.cardgames.games.FourAces - Draw: H8 H9 H2 Hj
2013-02-27 18:25:09,700 [DEBUG] ben.kn.cardgames.games.FourAces - Board: H8(C9 ) H9(Sj H6 ) H2(H4 Sa ) Hj(Dq ) 
2013-02-27 18:25:09,700 [DEBUG] ben.kn.cardgames.games.FourAces - ----------- Popping H8
2013-02-27 18:25:09,701 [DEBUG] ben.kn.cardgames.games.FourAces - Board: C9() H9(Sj H6 ) H2(H4 Sa ) Hj(Dq ) 
2013-02-27 18:25:09,701 [DEBUG] ben.kn.cardgames.games.FourAces - ----------- Popping H2
2013-02-27 18:25:09,702 [DEBUG] ben.kn.cardgames.games.FourAces - Board: C9() H9(Sj H6 ) H4(Sa ) Hj(Dq ) 
2013-02-27 18:25:09,702 [DEBUG] ben.kn.cardgames.games.FourAces - ----------- Popping H4
2013-02-27 18:25:09,703 [DEBUG] ben.kn.cardgames.games.FourAces - Board: C9() H9(Sj H6 ) Sa() Hj(Dq ) 
2013-02-27 18:25:09,703 [DEBUG] ben.kn.cardgames.games.FourAces - ----------- Popping H9
2013-02-27 18:25:09,704 [DEBUG] ben.kn.cardgames.games.FourAces - Board: C9() Sj(H6 ) Sa() Hj(Dq ) 
2013-02-27 18:25:09,704 [DEBUG] ben.kn.cardgames.games.FourAces - ----------- Popping Sj
2013-02-27 18:25:09,705 [DEBUG] ben.kn.cardgames.games.FourAces - Board: C9() H6() Sa() Hj(Dq ) 
2013-02-27 18:25:09,705 [DEBUG] ben.kn.cardgames.games.FourAces - ----------- Popping H6
2013-02-27 18:25:09,706 [DEBUG] ben.kn.cardgames.games.FourAces - Board: C9() Sa() Hj(Dq ) 
2013-02-27 18:25:09,706 [DEBUG] ben.kn.cardgames.games.FourAces - There's a blank spot...
2013-02-27 18:25:09,706 [DEBUG] ben.kn.cardgames.games.FourAces - Moving card from 3 to 1
2013-02-27 18:25:09,706 [DEBUG] ben.kn.cardgames.games.FourAces - Board: C9() Hj() Sa() Dq() 
2013-02-27 18:25:09,707 [DEBUG] ben.kn.cardgames.games.FourAces - Draw: Ha Ca D5 C8
2013-02-27 18:25:09,707 [DEBUG] ben.kn.cardgames.games.FourAces - Board: Ha(C9 ) Ca(Hj ) D5(Sa ) C8(Dq ) 
2013-02-27 18:25:09,707 [DEBUG] ben.kn.cardgames.games.FourAces - ----------- Popping C8
2013-02-27 18:25:09,708 [DEBUG] ben.kn.cardgames.games.FourAces - Board: Ha(C9 ) Ca(Hj ) D5(Sa ) Dq() 
2013-02-27 18:25:09,708 [DEBUG] ben.kn.cardgames.games.FourAces - ----------- Popping D5
2013-02-27 18:25:09,708 [DEBUG] ben.kn.cardgames.games.FourAces - Board: Ha(C9 ) Ca(Hj ) Sa() Dq() 
2013-02-27 18:25:09,709 [DEBUG] ben.kn.cardgames.games.FourAces - Draw: S3 C5 C7 D7
2013-02-27 18:25:09,709 [DEBUG] ben.kn.cardgames.games.FourAces - Board: S3(Ha C9 ) C5(Ca Hj ) C7(Sa ) D7(Dq ) 
2013-02-27 18:25:09,709 [DEBUG] ben.kn.cardgames.games.FourAces - ----------- Popping C5
2013-02-27 18:25:09,710 [DEBUG] ben.kn.cardgames.games.FourAces - Board: S3(Ha C9 ) Ca(Hj ) C7(Sa ) D7(Dq ) 
2013-02-27 18:25:09,710 [DEBUG] ben.kn.cardgames.games.FourAces - ----------- Popping C7
2013-02-27 18:25:09,711 [DEBUG] ben.kn.cardgames.games.FourAces - Board: S3(Ha C9 ) Ca(Hj ) Sa() D7(Dq ) 
2013-02-27 18:25:09,711 [DEBUG] ben.kn.cardgames.games.FourAces - ----------- Popping S3
2013-02-27 18:25:09,711 [DEBUG] ben.kn.cardgames.games.FourAces - Board: Ha(C9 ) Ca(Hj ) Sa() D7(Dq ) 
2013-02-27 18:25:09,711 [DEBUG] ben.kn.cardgames.games.FourAces - Draw: Cj S2 C4 Dj
2013-02-27 18:25:09,712 [DEBUG] ben.kn.cardgames.games.FourAces - Board: Cj(Ha C9 ) S2(Ca Hj ) C4(Sa ) Dj(D7 Dq ) 
2013-02-27 18:25:09,712 [DEBUG] ben.kn.cardgames.games.FourAces - ----------- Popping C4
2013-02-27 18:25:09,713 [DEBUG] ben.kn.cardgames.games.FourAces - Board: Cj(Ha C9 ) S2(Ca Hj ) Sa() Dj(D7 Dq ) 
2013-02-27 18:25:09,713 [DEBUG] ben.kn.cardgames.games.FourAces - ----------- Popping S2
2013-02-27 18:25:09,713 [DEBUG] ben.kn.cardgames.games.FourAces - Board: Cj(Ha C9 ) Ca(Hj ) Sa() Dj(D7 Dq ) 
2013-02-27 18:25:09,714 [DEBUG] ben.kn.cardgames.games.FourAces - ----------- Popping Cj
2013-02-27 18:25:09,715 [DEBUG] ben.kn.cardgames.games.FourAces - Board: Ha(C9 ) Ca(Hj ) Sa() Dj(D7 Dq ) 
2013-02-27 18:25:09,715 [DEBUG] ben.kn.cardgames.games.FourAces - Draw: D6 C10 H3 S9
2013-02-27 18:25:09,716 [DEBUG] ben.kn.cardgames.games.FourAces - Board: D6(Ha C9 ) C10(Ca Hj ) H3(Sa ) S9(Dj D7 Dq ) 
2013-02-27 18:25:09,716 [DEBUG] ben.kn.cardgames.games.FourAces - Draw: Da D9 Cq C6
2013-02-27 18:25:09,716 [DEBUG] ben.kn.cardgames.games.FourAces - Board: Da(D6 Ha C9 ) D9(C10 Ca Hj ) Cq(H3 Sa ) C6(S9 Dj D7 Dq ) 
2013-02-27 18:25:09,716 [DEBUG] ben.kn.cardgames.games.FourAces - ----------- Popping D9
2013-02-27 18:25:09,717 [DEBUG] ben.kn.cardgames.games.FourAces - Board: Da(D6 Ha C9 ) C10(Ca Hj ) Cq(H3 Sa ) C6(S9 Dj D7 Dq ) 
2013-02-27 18:25:09,718 [DEBUG] ben.kn.cardgames.games.FourAces - ----------- Popping C10
2013-02-27 18:25:09,719 [DEBUG] ben.kn.cardgames.games.FourAces - Board: Da(D6 Ha C9 ) Ca(Hj ) Cq(H3 Sa ) C6(S9 Dj D7 Dq ) 
2013-02-27 18:25:09,719 [DEBUG] ben.kn.cardgames.games.FourAces - ----------- Popping Cq
2013-02-27 18:25:09,720 [DEBUG] ben.kn.cardgames.games.FourAces - Board: Da(D6 Ha C9 ) Ca(Hj ) H3(Sa ) C6(S9 Dj D7 Dq ) 
2013-02-27 18:25:09,720 [DEBUG] ben.kn.cardgames.games.FourAces - ----------- Popping C6
2013-02-27 18:25:09,721 [DEBUG] ben.kn.cardgames.games.FourAces - Board: Da(D6 Ha C9 ) Ca(Hj ) H3(Sa ) S9(Dj D7 Dq ) 
2013-02-27 18:25:09,721 [DEBUG] ben.kn.cardgames.games.FourAces - Draw: Hk Hq S5 D10
2013-02-27 18:25:09,722 [DEBUG] ben.kn.cardgames.games.FourAces - Board: Hk(Da D6 Ha C9 ) Hq(Ca Hj ) S5(H3 Sa ) D10(S9 Dj D7 Dq ) 
2013-02-27 18:25:09,722 [DEBUG] ben.kn.cardgames.games.FourAces - ----------- Popping Hq
2013-02-27 18:25:09,723 [DEBUG] ben.kn.cardgames.games.FourAces - Board: Hk(Da D6 Ha C9 ) Ca(Hj ) S5(H3 Sa ) D10(S9 Dj D7 Dq ) 
2013-02-27 18:25:09,723 [DEBUG] ben.kn.cardgames.games.FourAces - Draw: H5 Ck Sq C3
2013-02-27 18:25:09,724 [DEBUG] ben.kn.cardgames.games.FourAces - Board: H5(Hk Da D6 Ha C9 ) Ck(Ca Hj ) Sq(S5 H3 Sa ) C3(D10 S9 Dj D7 Dq ) 
2013-02-27 18:25:09,724 [DEBUG] ben.kn.cardgames.games.FourAces - ----------- Popping C3
2013-02-27 18:25:09,726 [DEBUG] ben.kn.cardgames.games.FourAces - Board: H5(Hk Da D6 Ha C9 ) Ck(Ca Hj ) Sq(S5 H3 Sa ) D10(S9 Dj D7 Dq ) 
2013-02-27 18:25:09,726 [DEBUG] ben.kn.cardgames.games.FourAces - Draw: Sk S7 S6 Dk
2013-02-27 18:25:09,727 [DEBUG] ben.kn.cardgames.games.FourAces - Board: Sk(H5 Hk Da D6 Ha C9 ) S7(Ck Ca Hj ) S6(Sq S5 H3 Sa ) Dk(D10 S9 Dj D7 Dq ) 
2013-02-27 18:25:09,727 [DEBUG] ben.kn.cardgames.games.FourAces - ----------- Popping S7
2013-02-27 18:25:09,728 [DEBUG] ben.kn.cardgames.games.FourAces - Board: Sk(H5 Hk Da D6 Ha C9 ) Ck(Ca Hj ) S6(Sq S5 H3 Sa ) Dk(D10 S9 Dj D7 Dq ) 
2013-02-27 18:25:09,728 [DEBUG] ben.kn.cardgames.games.FourAces - ----------- Popping S6
2013-02-27 18:25:09,731 [DEBUG] ben.kn.cardgames.games.FourAces - Board: Sk(H5 Hk Da D6 Ha C9 ) Ck(Ca Hj ) Sq(S5 H3 Sa ) Dk(D10 S9 Dj D7 Dq ) 
2013-02-27 18:25:09,731 [DEBUG] ben.kn.cardgames.games.FourAces - ----------- Popping Sq
2013-02-27 18:25:09,732 [DEBUG] ben.kn.cardgames.games.FourAces - Board: Sk(H5 Hk Da D6 Ha C9 ) Ck(Ca Hj ) S5(H3 Sa ) Dk(D10 S9 Dj D7 Dq ) 
2013-02-27 18:25:09,732 [DEBUG] ben.kn.cardgames.games.FourAces - ----------- Popping S5
2013-02-27 18:25:09,733 [DEBUG] ben.kn.cardgames.games.FourAces - Board: Sk(H5 Hk Da D6 Ha C9 ) Ck(Ca Hj ) H3(Sa ) Dk(D10 S9 Dj D7 Dq ) 
2013-02-27 18:25:09,733 [DEBUG] ben.kn.cardgames.games.FourAces - Draw: C2 S8 D8 H10
2013-02-27 18:25:09,733 [DEBUG] ben.kn.cardgames.games.FourAces - Board: C2(Sk H5 Hk Da D6 Ha C9 ) S8(Ck Ca Hj ) D8(H3 Sa ) H10(Dk D10 S9 Dj D7 Dq ) 
2013-02-27 18:25:09,734 [DEBUG] ben.kn.cardgames.games.FourAces - Draw: H7 D3 D2 S4
2013-02-27 18:25:09,734 [DEBUG] ben.kn.cardgames.games.FourAces - Board: H7(C2 Sk H5 Hk Da D6 Ha C9 ) D3(S8 Ck Ca Hj ) D2(D8 H3 Sa ) S4(H10 Dk D10 S9 Dj D7 Dq ) 
2013-02-27 18:25:09,734 [DEBUG] ben.kn.cardgames.games.FourAces - ----------- Popping D2
2013-02-27 18:25:09,735 [DEBUG] ben.kn.cardgames.games.FourAces - Board: H7(C2 Sk H5 Hk Da D6 Ha C9 ) D3(S8 Ck Ca Hj ) D8(H3 Sa ) S4(H10 Dk D10 S9 Dj D7 Dq ) 
2013-02-27 18:25:09,735 [DEBUG] ben.kn.cardgames.games.FourAces - ----------- Popping D3
2013-02-27 18:25:09,736 [DEBUG] ben.kn.cardgames.games.FourAces - Board: H7(C2 Sk H5 Hk Da D6 Ha C9 ) S8(Ck Ca Hj ) D8(H3 Sa ) S4(H10 Dk D10 S9 Dj D7 Dq ) 
2013-02-27 18:25:09,736 [DEBUG] ben.kn.cardgames.games.FourAces - ----------- Popping S4
2013-02-27 18:25:09,737 [DEBUG] ben.kn.cardgames.games.FourAces - Board: H7(C2 Sk H5 Hk Da D6 Ha C9 ) S8(Ck Ca Hj ) D8(H3 Sa ) H10(Dk D10 S9 Dj D7 Dq ) 
2013-02-27 18:25:09,737 [DEBUG] ben.kn.cardgames.games.FourAces - ----------- Popping H7
2013-02-27 18:25:09,738 [DEBUG] ben.kn.cardgames.games.FourAces - Board: C2(Sk H5 Hk Da D6 Ha C9 ) S8(Ck Ca Hj ) D8(H3 Sa ) H10(Dk D10 S9 Dj D7 Dq ) 
